#
# There is insufficient memory for the Java Runtime Environment to continue.
# Native memory allocation (mmap) failed to map 333447168 bytes for G1 virtual space
# Possible reasons:
#   The system is out of physical RAM or swap space
#   The process is running with CompressedOops enabled, and the Java Heap may be blocking the growth of the native heap
# Possible solutions:
#   Reduce memory load on the system
#   Increase physical memory or swap space
#   Check if swap backing store is full
#   Decrease Java heap size (-Xmx/-Xms)
#   Decrease number of Java threads
#   Decrease Java thread stack sizes (-Xss)
#   Set larger code cache with -XX:ReservedCodeCacheSize=
#   JVM is running with Unscaled Compressed Oops mode in which the Java heap is
#     placed in the first 4GB address space. The Java Heap base address is the
#     maximum limit for the native heap growth. Please use -XX:HeapBaseMinAddress
#     to set the Java Heap base and to place the Java Heap above 4GB virtual address.
# This output file may be truncated or incomplete.
#
#  Out of Memory Error (os_windows.cpp:3559), pid=2856, tid=9648
#
# JRE version: OpenJDK Runtime Environment Temurin-17.0.7+7 (17.0.7+7) (build 17.0.7+7)
# Java VM: OpenJDK 64-Bit Server VM Temurin-17.0.7+7 (17.0.7+7, mixed mode, tiered, compressed oops, compressed class ptrs, g1 gc, windows-amd64)
# No core dump will be written. Minidumps are not enabled by default on client versions of Windows
#

---------------  S U M M A R Y ------------

Command Line: -XX:+ShowCodeDetailsInExceptionMessages -agentlib:jdwp=transport=dt_socket,suspend=y,address=localhost:51259 -javaagent:C:\Users\Filipe\eclipse\java-2023-06\eclipse\configuration\org.eclipse.osgi\248\0\.cp\lib\javaagent-shaded.jar -Dfile.encoding=UTF-8 --module-path=C:\Users\Filipe\Desktop\projetos java\campoMinado\bin -Djdk.module.main=campoMinado campoMinado/campoMinado.temp

Host: Intel(R) Core(TM) i5-7400 CPU @ 3.00GHz, 4 cores, 7G,  Windows 10 , 64 bit Build 19041 (10.0.19041.3393)
Time: Tue Oct 24 17:16:50 2023 Hora oficial do Brasil elapsed time: 10847.219596 seconds (0d 3h 0m 47s)

---------------  T H R E A D  ---------------

Current thread (0x000001bdaca2ad60):  VMThread "VM Thread" [stack: 0x0000009788a00000,0x0000009788b00000] [id=9648]

Stack: [0x0000009788a00000,0x0000009788b00000]
Native frames: (J=compiled Java code, j=interpreted, Vv=VM code, C=native code)
V  [jvm.dll+0x67754a]
V  [jvm.dll+0x834304]
V  [jvm.dll+0x835aae]
V  [jvm.dll+0x836113]
V  [jvm.dll+0x24696f]
V  [jvm.dll+0x6743f9]
V  [jvm.dll+0x668c8a]
V  [jvm.dll+0x3061bb]
V  [jvm.dll+0x30d6a6]
V  [jvm.dll+0x35cece]
V  [jvm.dll+0x35d0ff]
V  [jvm.dll+0x2dd048]
V  [jvm.dll+0x2db20c]
V  [jvm.dll+0x2da7dc]
V  [jvm.dll+0x31e6db]
V  [jvm.dll+0x83a5bb]
V  [jvm.dll+0x83b2f4]
V  [jvm.dll+0x83b80c]
V  [jvm.dll+0x83bbe4]
V  [jvm.dll+0x83bcb0]
V  [jvm.dll+0x7e4e7a]
V  [jvm.dll+0x676395]
C  [ucrtbase.dll+0x21bb2]
C  [KERNEL32.DLL+0x17344]
C  [ntdll.dll+0x526b1]

VM_Operation (0x00000097884fefc0): G1CollectForAllocation, mode: safepoint, requested by thread 0x000001bd932cbe90


---------------  P R O C E S S  ---------------

Threads class SMR info:
_java_thread_list=0x000001bdb16ffd80, length=15, elements={
0x000001bd932cbe90, 0x000001bdaca00b80, 0x000001bdaca01c70, 0x000001bdaca0fea0,
0x000001bdaca4c700, 0x000001bdaca4f0c0, 0x000001bdaca4fa70, 0x000001bdaca50750,
0x000001bdaca594e0, 0x000001bdaca5e2a0, 0x000001bdacc85d70, 0x000001bdace13e10,
0x000001bdacf0aee0, 0x000001bdacf0d3e0, 0x000001bdacf7eb00
}

Java Threads: ( => current thread )
  0x000001bd932cbe90 JavaThread "main" [_thread_blocked, id=6676, stack(0x0000009788400000,0x0000009788500000)]
  0x000001bdaca00b80 JavaThread "Reference Handler" daemon [_thread_blocked, id=8648, stack(0x0000009788b00000,0x0000009788c00000)]
  0x000001bdaca01c70 JavaThread "Finalizer" daemon [_thread_blocked, id=6168, stack(0x0000009788c00000,0x0000009788d00000)]
  0x000001bdaca0fea0 JavaThread "Signal Dispatcher" daemon [_thread_blocked, id=11616, stack(0x0000009788d00000,0x0000009788e00000)]
  0x000001bdaca4c700 JavaThread "Attach Listener" daemon [_thread_blocked, id=9048, stack(0x0000009788e00000,0x0000009788f00000)]
  0x000001bdaca4f0c0 JavaThread "Service Thread" daemon [_thread_blocked, id=3068, stack(0x0000009788f00000,0x0000009789000000)]
  0x000001bdaca4fa70 JavaThread "Monitor Deflation Thread" daemon [_thread_blocked, id=12636, stack(0x0000009789000000,0x0000009789100000)]
  0x000001bdaca50750 JavaThread "C2 CompilerThread0" daemon [_thread_blocked, id=3548, stack(0x0000009789100000,0x0000009789200000)]
  0x000001bdaca594e0 JavaThread "C1 CompilerThread0" daemon [_thread_blocked, id=8812, stack(0x0000009789200000,0x0000009789300000)]
  0x000001bdaca5e2a0 JavaThread "Sweeper thread" daemon [_thread_blocked, id=8780, stack(0x0000009789300000,0x0000009789400000)]
  0x000001bdacc85d70 JavaThread "Common-Cleaner" daemon [_thread_blocked, id=8592, stack(0x0000009789400000,0x0000009789500000)]
  0x000001bdace13e10 JavaThread "JDWP Transport Listener: dt_socket" daemon [_thread_blocked, id=9572, stack(0x0000009789500000,0x0000009789600000)]
  0x000001bdacf0aee0 JavaThread "JDWP Event Helper Thread" daemon [_thread_blocked, id=1668, stack(0x0000009789600000,0x0000009789700000)]
  0x000001bdacf0d3e0 JavaThread "JDWP Command Reader" daemon [_thread_in_native, id=9164, stack(0x0000009789700000,0x0000009789800000)]
  0x000001bdacf7eb00 JavaThread "Notification Thread" daemon [_thread_blocked, id=3448, stack(0x0000009789800000,0x0000009789900000)]

Other Threads:
=>0x000001bdaca2ad60 VMThread "VM Thread" [stack: 0x0000009788a00000,0x0000009788b00000] [id=9648]
  0x000001bdacef21b0 WatcherThread [stack: 0x0000009789900000,0x0000009789a00000] [id=1084]
  0x000001bd93324bb0 GCTaskThread "GC Thread#0" [stack: 0x0000009788500000,0x0000009788600000] [id=4076]
  0x000001bdb168a730 GCTaskThread "GC Thread#1" [stack: 0x0000009789a00000,0x0000009789b00000] [id=256]
  0x000001bdb168a9e0 GCTaskThread "GC Thread#2" [stack: 0x0000009789b00000,0x0000009789c00000] [id=5008]
  0x000001bdaceab780 GCTaskThread "GC Thread#3" [stack: 0x0000009789c00000,0x0000009789d00000] [id=4736]
  0x000001bd93335930 ConcurrentGCThread "G1 Main Marker" [stack: 0x0000009788600000,0x0000009788700000] [id=3652]
  0x000001bd93336340 ConcurrentGCThread "G1 Conc#0" [stack: 0x0000009788700000,0x0000009788800000] [id=4584]
  0x000001bd9339dee0 ConcurrentGCThread "G1 Refine#0" [stack: 0x0000009788800000,0x0000009788900000] [id=10112]
  0x000001bd9339e900 ConcurrentGCThread "G1 Service" [stack: 0x0000009788900000,0x0000009788a00000] [id=10084]

Threads with active compile tasks:

VM state: at safepoint (normal execution)

VM Mutex/Monitor currently owned by a thread:  ([mutex/lock_event])
[0x000001bd932c5f40] Threads_lock - owner thread: 0x000001bdaca2ad60
[0x000001bd932c5be0] Heap_lock - owner thread: 0x000001bd932cbe90

Heap address: 0x0000000080e00000, size: 2034 MB, Compressed Oops mode: 32-bit

CDS archive(s) not mapped
Compressed class space mapped at: 0x0000000100000000-0x0000000140000000, reserved size: 1073741824
Narrow klass base: 0x0000000000000000, Narrow klass shift: 3, Narrow klass range: 0x140000000

GC Precious Log:
 CPUs: 4 total, 4 available
 Memory: 8129M
 Large Page Support: Disabled
 NUMA Support: Disabled
 Compressed Oops: Enabled (32-bit)
 Heap Region Size: 1M
 Heap Min Capacity: 8M
 Heap Initial Capacity: 128M
 Heap Max Capacity: 2034M
 Pre-touch: Disabled
 Parallel Workers: 4
 Concurrent Workers: 1
 Concurrent Refinement Workers: 4
 Periodic GC: Disabled

Heap:
 garbage-first heap   total 162816K, used 1460K [0x0000000080e00000, 0x0000000100000000)
  region size 1024K, 1 young (1024K), 1 survivors (1024K)
 Metaspace       used 10473K, committed 10560K, reserved 1114112K
  class space    used 915K, committed 960K, reserved 1048576K

Heap Regions: E=young(eden), S=young(survivor), O=old, HS=humongous(starts), HC=humongous(continues), CS=collection set, F=free, OA=open archive, CA=closed archive, TAMS=top-at-mark-start (previous, next)
|   0|0x0000000080e00000, 0x0000000080f00000, 0x0000000080f00000|100%| O|  |TAMS 0x0000000080e00000, 0x0000000080e00000| Untracked 
|   1|0x0000000080f00000, 0x0000000080f6c000, 0x0000000081000000| 42%| O|  |TAMS 0x0000000080f00000, 0x0000000080f00000| Untracked 
|   2|0x0000000081000000, 0x0000000081000000, 0x0000000081100000|  0%| F|  |TAMS 0x0000000081000000, 0x0000000081000000| Untracked 
|   3|0x0000000081100000, 0x0000000081100000, 0x0000000081200000|  0%| F|  |TAMS 0x0000000081100000, 0x0000000081100000| Untracked 
|   4|0x0000000081200000, 0x0000000081200000, 0x0000000081300000|  0%| F|  |TAMS 0x0000000081200000, 0x0000000081200000| Untracked 
|   5|0x0000000081300000, 0x0000000081300000, 0x0000000081400000|  0%| F|  |TAMS 0x0000000081300000, 0x0000000081300000| Untracked 
|   6|0x0000000081400000, 0x0000000081400000, 0x0000000081500000|  0%| F|  |TAMS 0x0000000081400000, 0x0000000081400000| Untracked 
|   7|0x0000000081500000, 0x0000000081500000, 0x0000000081600000|  0%| F|  |TAMS 0x0000000081500000, 0x0000000081500000| Untracked 
|   8|0x0000000081600000, 0x0000000081600000, 0x0000000081700000|  0%| F|  |TAMS 0x0000000081600000, 0x0000000081600000| Untracked 
|   9|0x0000000081700000, 0x0000000081700000, 0x0000000081800000|  0%| F|  |TAMS 0x0000000081700000, 0x0000000081700000| Untracked 
|  10|0x0000000081800000, 0x0000000081800000, 0x0000000081900000|  0%| F|  |TAMS 0x0000000081800000, 0x0000000081800000| Untracked 
|  11|0x0000000081900000, 0x0000000081900000, 0x0000000081a00000|  0%| F|  |TAMS 0x0000000081900000, 0x0000000081900000| Untracked 
|  12|0x0000000081a00000, 0x0000000081a00000, 0x0000000081b00000|  0%| F|  |TAMS 0x0000000081a00000, 0x0000000081a00000| Untracked 
|  13|0x0000000081b00000, 0x0000000081b00000, 0x0000000081c00000|  0%| F|  |TAMS 0x0000000081b00000, 0x0000000081b00000| Untracked 
|  14|0x0000000081c00000, 0x0000000081c00000, 0x0000000081d00000|  0%| F|  |TAMS 0x0000000081c00000, 0x0000000081c00000| Untracked 
|  15|0x0000000081d00000, 0x0000000081d00000, 0x0000000081e00000|  0%| F|  |TAMS 0x0000000081d00000, 0x0000000081d00000| Untracked 
|  16|0x0000000081e00000, 0x0000000081e00000, 0x0000000081f00000|  0%| F|  |TAMS 0x0000000081e00000, 0x0000000081e00000| Untracked 
|  17|0x0000000081f00000, 0x0000000081f00000, 0x0000000082000000|  0%| F|  |TAMS 0x0000000081f00000, 0x0000000081f00000| Untracked 
|  18|0x0000000082000000, 0x0000000082000000, 0x0000000082100000|  0%| F|  |TAMS 0x0000000082000000, 0x0000000082000000| Untracked 
|  19|0x0000000082100000, 0x0000000082100000, 0x0000000082200000|  0%| F|  |TAMS 0x0000000082100000, 0x0000000082100000| Untracked 
|  20|0x0000000082200000, 0x0000000082200000, 0x0000000082300000|  0%| F|  |TAMS 0x0000000082200000, 0x0000000082200000| Untracked 
|  21|0x0000000082300000, 0x0000000082300000, 0x0000000082400000|  0%| F|  |TAMS 0x0000000082300000, 0x0000000082300000| Untracked 
|  22|0x0000000082400000, 0x0000000082400000, 0x0000000082500000|  0%| F|  |TAMS 0x0000000082400000, 0x0000000082400000| Untracked 
|  23|0x0000000082500000, 0x0000000082500000, 0x0000000082600000|  0%| F|  |TAMS 0x0000000082500000, 0x0000000082500000| Untracked 
|  24|0x0000000082600000, 0x0000000082600000, 0x0000000082700000|  0%| F|  |TAMS 0x0000000082600000, 0x0000000082600000| Untracked 
|  25|0x0000000082700000, 0x0000000082700000, 0x0000000082800000|  0%| F|  |TAMS 0x0000000082700000, 0x0000000082700000| Untracked 
|  26|0x0000000082800000, 0x0000000082800000, 0x0000000082900000|  0%| F|  |TAMS 0x0000000082800000, 0x0000000082800000| Untracked 
|  27|0x0000000082900000, 0x0000000082900000, 0x0000000082a00000|  0%| F|  |TAMS 0x0000000082900000, 0x0000000082900000| Untracked 
|  28|0x0000000082a00000, 0x0000000082a00000, 0x0000000082b00000|  0%| F|  |TAMS 0x0000000082a00000, 0x0000000082a00000| Untracked 
|  29|0x0000000082b00000, 0x0000000082b00000, 0x0000000082c00000|  0%| F|  |TAMS 0x0000000082b00000, 0x0000000082b00000| Untracked 
|  30|0x0000000082c00000, 0x0000000082c00000, 0x0000000082d00000|  0%| F|  |TAMS 0x0000000082c00000, 0x0000000082c00000| Untracked 
|  31|0x0000000082d00000, 0x0000000082d00000, 0x0000000082e00000|  0%| F|  |TAMS 0x0000000082d00000, 0x0000000082d00000| Untracked 
|  32|0x0000000082e00000, 0x0000000082e00000, 0x0000000082f00000|  0%| F|  |TAMS 0x0000000082e00000, 0x0000000082e00000| Untracked 
|  33|0x0000000082f00000, 0x0000000082f00000, 0x0000000083000000|  0%| F|  |TAMS 0x0000000082f00000, 0x0000000082f00000| Untracked 
|  34|0x0000000083000000, 0x0000000083000000, 0x0000000083100000|  0%| F|  |TAMS 0x0000000083000000, 0x0000000083000000| Untracked 
|  35|0x0000000083100000, 0x0000000083100000, 0x0000000083200000|  0%| F|  |TAMS 0x0000000083100000, 0x0000000083100000| Untracked 
|  36|0x0000000083200000, 0x0000000083200000, 0x0000000083300000|  0%| F|  |TAMS 0x0000000083200000, 0x0000000083200000| Untracked 
|  37|0x0000000083300000, 0x0000000083300000, 0x0000000083400000|  0%| F|  |TAMS 0x0000000083300000, 0x0000000083300000| Untracked 
|  38|0x0000000083400000, 0x0000000083400000, 0x0000000083500000|  0%| F|  |TAMS 0x0000000083400000, 0x0000000083400000| Untracked 
|  39|0x0000000083500000, 0x0000000083500000, 0x0000000083600000|  0%| F|  |TAMS 0x0000000083500000, 0x0000000083500000| Untracked 
|  40|0x0000000083600000, 0x0000000083600000, 0x0000000083700000|  0%| F|  |TAMS 0x0000000083600000, 0x0000000083600000| Untracked 
|  41|0x0000000083700000, 0x0000000083700000, 0x0000000083800000|  0%| F|  |TAMS 0x0000000083700000, 0x0000000083700000| Untracked 
|  42|0x0000000083800000, 0x0000000083800000, 0x0000000083900000|  0%| F|  |TAMS 0x0000000083800000, 0x0000000083800000| Untracked 
|  43|0x0000000083900000, 0x0000000083900000, 0x0000000083a00000|  0%| F|  |TAMS 0x0000000083900000, 0x0000000083900000| Untracked 
|  44|0x0000000083a00000, 0x0000000083a00000, 0x0000000083b00000|  0%| F|  |TAMS 0x0000000083a00000, 0x0000000083a00000| Untracked 
|  45|0x0000000083b00000, 0x0000000083b00000, 0x0000000083c00000|  0%| F|  |TAMS 0x0000000083b00000, 0x0000000083b00000| Untracked 
|  46|0x0000000083c00000, 0x0000000083c00000, 0x0000000083d00000|  0%| F|  |TAMS 0x0000000083c00000, 0x0000000083c00000| Untracked 
|  47|0x0000000083d00000, 0x0000000083d00000, 0x0000000083e00000|  0%| F|  |TAMS 0x0000000083d00000, 0x0000000083d00000| Untracked 
|  48|0x0000000083e00000, 0x0000000083e00000, 0x0000000083f00000|  0%| F|  |TAMS 0x0000000083e00000, 0x0000000083e00000| Untracked 
|  49|0x0000000083f00000, 0x0000000083f00000, 0x0000000084000000|  0%| F|  |TAMS 0x0000000083f00000, 0x0000000083f00000| Untracked 
|  50|0x0000000084000000, 0x0000000084000000, 0x0000000084100000|  0%| F|  |TAMS 0x0000000084000000, 0x0000000084000000| Untracked 
|  51|0x0000000084100000, 0x0000000084100000, 0x0000000084200000|  0%| F|  |TAMS 0x0000000084100000, 0x0000000084100000| Untracked 
|  52|0x0000000084200000, 0x0000000084200000, 0x0000000084300000|  0%| F|  |TAMS 0x0000000084200000, 0x0000000084200000| Untracked 
|  53|0x0000000084300000, 0x0000000084300000, 0x0000000084400000|  0%| F|  |TAMS 0x0000000084300000, 0x0000000084300000| Untracked 
|  54|0x0000000084400000, 0x0000000084400000, 0x0000000084500000|  0%| F|  |TAMS 0x0000000084400000, 0x0000000084400000| Untracked 
|  55|0x0000000084500000, 0x0000000084500000, 0x0000000084600000|  0%| F|  |TAMS 0x0000000084500000, 0x0000000084500000| Untracked 
|  56|0x0000000084600000, 0x0000000084600000, 0x0000000084700000|  0%| F|  |TAMS 0x0000000084600000, 0x0000000084600000| Untracked 
|  57|0x0000000084700000, 0x0000000084700000, 0x0000000084800000|  0%| F|  |TAMS 0x0000000084700000, 0x0000000084700000| Untracked 
|  58|0x0000000084800000, 0x0000000084800000, 0x0000000084900000|  0%| F|  |TAMS 0x0000000084800000, 0x0000000084800000| Untracked 
|  59|0x0000000084900000, 0x0000000084900000, 0x0000000084a00000|  0%| F|  |TAMS 0x0000000084900000, 0x0000000084900000| Untracked 
|  60|0x0000000084a00000, 0x0000000084a00000, 0x0000000084b00000|  0%| F|  |TAMS 0x0000000084a00000, 0x0000000084a00000| Untracked 
|  61|0x0000000084b00000, 0x0000000084b00000, 0x0000000084c00000|  0%| F|  |TAMS 0x0000000084b00000, 0x0000000084b00000| Untracked 
|  62|0x0000000084c00000, 0x0000000084c00000, 0x0000000084d00000|  0%| F|  |TAMS 0x0000000084c00000, 0x0000000084c00000| Untracked 
|  63|0x0000000084d00000, 0x0000000084d00000, 0x0000000084e00000|  0%| F|  |TAMS 0x0000000084d00000, 0x0000000084d00000| Untracked 
|  64|0x0000000084e00000, 0x0000000084e00000, 0x0000000084f00000|  0%| F|  |TAMS 0x0000000084e00000, 0x0000000084e00000| Untracked 
|  65|0x0000000084f00000, 0x0000000084f00000, 0x0000000085000000|  0%| F|  |TAMS 0x0000000084f00000, 0x0000000084f00000| Untracked 
|  66|0x0000000085000000, 0x0000000085000000, 0x0000000085100000|  0%| F|  |TAMS 0x0000000085000000, 0x0000000085000000| Untracked 
|  67|0x0000000085100000, 0x0000000085100000, 0x0000000085200000|  0%| F|  |TAMS 0x0000000085100000, 0x0000000085100000| Untracked 
|  68|0x0000000085200000, 0x0000000085200000, 0x0000000085300000|  0%| F|  |TAMS 0x0000000085200000, 0x0000000085200000| Untracked 
|  69|0x0000000085300000, 0x0000000085300000, 0x0000000085400000|  0%| F|  |TAMS 0x0000000085300000, 0x0000000085300000| Untracked 
|  70|0x0000000085400000, 0x0000000085400000, 0x0000000085500000|  0%| F|  |TAMS 0x0000000085400000, 0x0000000085400000| Untracked 
|  71|0x0000000085500000, 0x0000000085500000, 0x0000000085600000|  0%| F|  |TAMS 0x0000000085500000, 0x0000000085500000| Untracked 
|  72|0x0000000085600000, 0x0000000085600000, 0x0000000085700000|  0%| F|  |TAMS 0x0000000085600000, 0x0000000085600000| Untracked 
|  73|0x0000000085700000, 0x0000000085700000, 0x0000000085800000|  0%| F|  |TAMS 0x0000000085700000, 0x0000000085700000| Untracked 
|  74|0x0000000085800000, 0x0000000085800000, 0x0000000085900000|  0%| F|  |TAMS 0x0000000085800000, 0x0000000085800000| Untracked 
|  75|0x0000000085900000, 0x0000000085900000, 0x0000000085a00000|  0%| F|  |TAMS 0x0000000085900000, 0x0000000085900000| Untracked 
|  76|0x0000000085a00000, 0x0000000085a00000, 0x0000000085b00000|  0%| F|  |TAMS 0x0000000085a00000, 0x0000000085a00000| Untracked 
|  77|0x0000000085b00000, 0x0000000085b00000, 0x0000000085c00000|  0%| F|  |TAMS 0x0000000085b00000, 0x0000000085b00000| Untracked 
|  78|0x0000000085c00000, 0x0000000085c00000, 0x0000000085d00000|  0%| F|  |TAMS 0x0000000085c00000, 0x0000000085c00000| Untracked 
|  79|0x0000000085d00000, 0x0000000085d00000, 0x0000000085e00000|  0%| F|  |TAMS 0x0000000085d00000, 0x0000000085d00000| Untracked 
|  80|0x0000000085e00000, 0x0000000085e00000, 0x0000000085f00000|  0%| F|  |TAMS 0x0000000085e00000, 0x0000000085e00000| Untracked 
|  81|0x0000000085f00000, 0x0000000085f00000, 0x0000000086000000|  0%| F|  |TAMS 0x0000000085f00000, 0x0000000085f00000| Untracked 
|  82|0x0000000086000000, 0x0000000086000000, 0x0000000086100000|  0%| F|  |TAMS 0x0000000086000000, 0x0000000086000000| Untracked 
|  83|0x0000000086100000, 0x0000000086100000, 0x0000000086200000|  0%| F|  |TAMS 0x0000000086100000, 0x0000000086100000| Untracked 
|  84|0x0000000086200000, 0x0000000086200000, 0x0000000086300000|  0%| F|  |TAMS 0x0000000086200000, 0x0000000086200000| Untracked 
|  85|0x0000000086300000, 0x0000000086300000, 0x0000000086400000|  0%| F|  |TAMS 0x0000000086300000, 0x0000000086300000| Untracked 
|  86|0x0000000086400000, 0x0000000086400000, 0x0000000086500000|  0%| F|  |TAMS 0x0000000086400000, 0x0000000086400000| Untracked 
|  87|0x0000000086500000, 0x0000000086500000, 0x0000000086600000|  0%| F|  |TAMS 0x0000000086500000, 0x0000000086500000| Untracked 
|  88|0x0000000086600000, 0x0000000086600000, 0x0000000086700000|  0%| F|  |TAMS 0x0000000086600000, 0x0000000086600000| Untracked 
|  89|0x0000000086700000, 0x0000000086700000, 0x0000000086800000|  0%| F|  |TAMS 0x0000000086700000, 0x0000000086700000| Untracked 
|  90|0x0000000086800000, 0x0000000086800000, 0x0000000086900000|  0%| F|  |TAMS 0x0000000086800000, 0x0000000086800000| Untracked 
|  91|0x0000000086900000, 0x0000000086900000, 0x0000000086a00000|  0%| F|  |TAMS 0x0000000086900000, 0x0000000086900000| Untracked 
|  92|0x0000000086a00000, 0x0000000086a00000, 0x0000000086b00000|  0%| F|  |TAMS 0x0000000086a00000, 0x0000000086a00000| Untracked 
|  93|0x0000000086b00000, 0x0000000086b00000, 0x0000000086c00000|  0%| F|  |TAMS 0x0000000086b00000, 0x0000000086b00000| Untracked 
|  94|0x0000000086c00000, 0x0000000086c00000, 0x0000000086d00000|  0%| F|  |TAMS 0x0000000086c00000, 0x0000000086c00000| Untracked 
|  95|0x0000000086d00000, 0x0000000086d00000, 0x0000000086e00000|  0%| F|  |TAMS 0x0000000086d00000, 0x0000000086d00000| Untracked 
|  96|0x0000000086e00000, 0x0000000086e00000, 0x0000000086f00000|  0%| F|  |TAMS 0x0000000086e00000, 0x0000000086e00000| Untracked 
|  97|0x0000000086f00000, 0x0000000086f00000, 0x0000000087000000|  0%| F|  |TAMS 0x0000000086f00000, 0x0000000086f00000| Untracked 
|  98|0x0000000087000000, 0x0000000087000000, 0x0000000087100000|  0%| F|  |TAMS 0x0000000087000000, 0x0000000087000000| Untracked 
|  99|0x0000000087100000, 0x0000000087100000, 0x0000000087200000|  0%| F|  |TAMS 0x0000000087100000, 0x0000000087100000| Untracked 
| 100|0x0000000087200000, 0x0000000087200000, 0x0000000087300000|  0%| F|  |TAMS 0x0000000087200000, 0x0000000087200000| Untracked 
| 101|0x0000000087300000, 0x0000000087300000, 0x0000000087400000|  0%| F|  |TAMS 0x0000000087300000, 0x0000000087300000| Untracked 
| 102|0x0000000087400000, 0x0000000087400000, 0x0000000087500000|  0%| F|  |TAMS 0x0000000087400000, 0x0000000087400000| Untracked 
| 103|0x0000000087500000, 0x0000000087500000, 0x0000000087600000|  0%| F|  |TAMS 0x0000000087500000, 0x0000000087500000| Untracked 
| 104|0x0000000087600000, 0x0000000087600000, 0x0000000087700000|  0%| F|  |TAMS 0x0000000087600000, 0x0000000087600000| Untracked 
| 105|0x0000000087700000, 0x0000000087700000, 0x0000000087800000|  0%| F|  |TAMS 0x0000000087700000, 0x0000000087700000| Untracked 
| 106|0x0000000087800000, 0x0000000087800000, 0x0000000087900000|  0%| F|  |TAMS 0x0000000087800000, 0x0000000087800000| Untracked 
| 107|0x0000000087900000, 0x0000000087900000, 0x0000000087a00000|  0%| F|  |TAMS 0x0000000087900000, 0x0000000087900000| Untracked 
| 108|0x0000000087a00000, 0x0000000087a00000, 0x0000000087b00000|  0%| F|  |TAMS 0x0000000087a00000, 0x0000000087a00000| Untracked 
| 109|0x0000000087b00000, 0x0000000087b00000, 0x0000000087c00000|  0%| F|  |TAMS 0x0000000087b00000, 0x0000000087b00000| Untracked 
| 110|0x0000000087c00000, 0x0000000087c00000, 0x0000000087d00000|  0%| F|  |TAMS 0x0000000087c00000, 0x0000000087c00000| Untracked 
| 111|0x0000000087d00000, 0x0000000087d00000, 0x0000000087e00000|  0%| F|  |TAMS 0x0000000087d00000, 0x0000000087d00000| Untracked 
| 112|0x0000000087e00000, 0x0000000087e00000, 0x0000000087f00000|  0%| F|  |TAMS 0x0000000087e00000, 0x0000000087e00000| Untracked 
| 113|0x0000000087f00000, 0x0000000087f00000, 0x0000000088000000|  0%| F|  |TAMS 0x0000000087f00000, 0x0000000087f00000| Untracked 
| 114|0x0000000088000000, 0x0000000088000000, 0x0000000088100000|  0%| F|  |TAMS 0x0000000088000000, 0x0000000088000000| Untracked 
| 115|0x0000000088100000, 0x0000000088100000, 0x0000000088200000|  0%| F|  |TAMS 0x0000000088100000, 0x0000000088100000| Untracked 
| 116|0x0000000088200000, 0x0000000088200000, 0x0000000088300000|  0%| F|  |TAMS 0x0000000088200000, 0x0000000088200000| Untracked 
| 117|0x0000000088300000, 0x0000000088300000, 0x0000000088400000|  0%| F|  |TAMS 0x0000000088300000, 0x0000000088300000| Untracked 
| 118|0x0000000088400000, 0x0000000088400000, 0x0000000088500000|  0%| F|  |TAMS 0x0000000088400000, 0x0000000088400000| Untracked 
| 119|0x0000000088500000, 0x0000000088500000, 0x0000000088600000|  0%| F|  |TAMS 0x0000000088500000, 0x0000000088500000| Untracked 
| 120|0x0000000088600000, 0x0000000088600000, 0x0000000088700000|  0%| F|  |TAMS 0x0000000088600000, 0x0000000088600000| Untracked 
| 121|0x0000000088700000, 0x0000000088700000, 0x0000000088800000|  0%| F|  |TAMS 0x0000000088700000, 0x0000000088700000| Untracked 
| 122|0x0000000088800000, 0x0000000088800000, 0x0000000088900000|  0%| F|  |TAMS 0x0000000088800000, 0x0000000088800000| Untracked 
| 123|0x0000000088900000, 0x0000000088900000, 0x0000000088a00000|  0%| F|  |TAMS 0x0000000088900000, 0x0000000088900000| Untracked 
| 124|0x0000000088a00000, 0x0000000088a00000, 0x0000000088b00000|  0%| F|  |TAMS 0x0000000088a00000, 0x0000000088a00000| Untracked 
| 125|0x0000000088b00000, 0x0000000088b00000, 0x0000000088c00000|  0%| F|  |TAMS 0x0000000088b00000, 0x0000000088b00000| Untracked 
| 126|0x0000000088c00000, 0x0000000088c00000, 0x0000000088d00000|  0%| F|  |TAMS 0x0000000088c00000, 0x0000000088c00000| Untracked 
| 127|0x0000000088d00000, 0x0000000088d00000, 0x0000000088e00000|  0%| F|  |TAMS 0x0000000088d00000, 0x0000000088d00000| Untracked 
| 128|0x0000000088e00000, 0x0000000088e00000, 0x0000000088f00000|  0%| F|  |TAMS 0x0000000088e00000, 0x0000000088e00000| Untracked 
| 129|0x0000000088f00000, 0x0000000088f00000, 0x0000000089000000|  0%| F|  |TAMS 0x0000000088f00000, 0x0000000088f00000| Untracked 
| 130|0x0000000089000000, 0x0000000089000000, 0x0000000089100000|  0%| F|  |TAMS 0x0000000089000000, 0x0000000089000000| Untracked 
| 131|0x0000000089100000, 0x0000000089100000, 0x0000000089200000|  0%| F|  |TAMS 0x0000000089100000, 0x0000000089100000| Untracked 
| 132|0x0000000089200000, 0x0000000089200000, 0x0000000089300000|  0%| F|  |TAMS 0x0000000089200000, 0x0000000089200000| Untracked 
| 133|0x0000000089300000, 0x0000000089300000, 0x0000000089400000|  0%| F|  |TAMS 0x0000000089300000, 0x0000000089300000| Untracked 
| 134|0x0000000089400000, 0x0000000089400000, 0x0000000089500000|  0%| F|  |TAMS 0x0000000089400000, 0x0000000089400000| Untracked 
| 135|0x0000000089500000, 0x0000000089500000, 0x0000000089600000|  0%| F|  |TAMS 0x0000000089500000, 0x0000000089500000| Untracked 
| 136|0x0000000089600000, 0x0000000089600000, 0x0000000089700000|  0%| F|  |TAMS 0x0000000089600000, 0x0000000089600000| Untracked 
| 137|0x0000000089700000, 0x0000000089700000, 0x0000000089800000|  0%| F|  |TAMS 0x0000000089700000, 0x0000000089700000| Untracked 
| 138|0x0000000089800000, 0x0000000089800000, 0x0000000089900000|  0%| F|  |TAMS 0x0000000089800000, 0x0000000089800000| Untracked 
| 139|0x0000000089900000, 0x0000000089900000, 0x0000000089a00000|  0%| F|  |TAMS 0x0000000089900000, 0x0000000089900000| Untracked 
| 140|0x0000000089a00000, 0x0000000089a00000, 0x0000000089b00000|  0%| F|  |TAMS 0x0000000089a00000, 0x0000000089a00000| Untracked 
| 141|0x0000000089b00000, 0x0000000089b00000, 0x0000000089c00000|  0%| F|  |TAMS 0x0000000089b00000, 0x0000000089b00000| Untracked 
| 142|0x0000000089c00000, 0x0000000089c00000, 0x0000000089d00000|  0%| F|  |TAMS 0x0000000089c00000, 0x0000000089c00000| Untracked 
| 143|0x0000000089d00000, 0x0000000089d00000, 0x0000000089e00000|  0%| F|  |TAMS 0x0000000089d00000, 0x0000000089d00000| Untracked 
| 144|0x0000000089e00000, 0x0000000089e00000, 0x0000000089f00000|  0%| F|  |TAMS 0x0000000089e00000, 0x0000000089e00000| Untracked 
| 145|0x0000000089f00000, 0x0000000089f00000, 0x000000008a000000|  0%| F|  |TAMS 0x0000000089f00000, 0x0000000089f00000| Untracked 
| 146|0x000000008a000000, 0x000000008a000000, 0x000000008a100000|  0%| F|  |TAMS 0x000000008a000000, 0x000000008a000000| Untracked 
| 147|0x000000008a100000, 0x000000008a100000, 0x000000008a200000|  0%| F|  |TAMS 0x000000008a100000, 0x000000008a100000| Untracked 
| 148|0x000000008a200000, 0x000000008a200000, 0x000000008a300000|  0%| F|  |TAMS 0x000000008a200000, 0x000000008a200000| Untracked 
| 149|0x000000008a300000, 0x000000008a300000, 0x000000008a400000|  0%| F|  |TAMS 0x000000008a300000, 0x000000008a300000| Untracked 
| 150|0x000000008a400000, 0x000000008a400000, 0x000000008a500000|  0%| F|  |TAMS 0x000000008a400000, 0x000000008a400000| Untracked 
| 151|0x000000008a500000, 0x000000008a501020, 0x000000008a600000|  0%| S|CS|TAMS 0x000000008a500000, 0x000000008a500000| Complete 
| 152|0x000000008a600000, 0x000000008a600000, 0x000000008a700000|  0%| F|  |TAMS 0x000000008a600000, 0x000000008a600000| Untracked 
| 153|0x000000008a700000, 0x000000008a700000, 0x000000008a800000|  0%| F|  |TAMS 0x000000008a700000, 0x000000008a700000| Untracked 
| 154|0x000000008a800000, 0x000000008a800000, 0x000000008a900000|  0%| F|  |TAMS 0x000000008a800000, 0x000000008a800000| Untracked 
| 155|0x000000008a900000, 0x000000008a900000, 0x000000008aa00000|  0%| F|  |TAMS 0x000000008a900000, 0x000000008a900000| Untracked 
| 156|0x000000008aa00000, 0x000000008aa00000, 0x000000008ab00000|  0%| F|  |TAMS 0x000000008aa00000, 0x000000008aa00000| Untracked 
| 157|0x000000008ab00000, 0x000000008ab00000, 0x000000008ac00000|  0%| F|  |TAMS 0x000000008ab00000, 0x000000008ab00000| Untracked 
| 158|0x000000008ac00000, 0x000000008ac00000, 0x000000008ad00000|  0%| F|  |TAMS 0x000000008ac00000, 0x000000008ac00000| Untracked 

Card table byte_map: [0x000001bda5d90000,0x000001bda6190000] _byte_map_base: 0x000001bda5989000

Marking Bits (Prev, Next): (CMBitMap*) 0x000001bd933251c0, (CMBitMap*) 0x000001bd93325200
 Prev Bits: [0x000001bda6590000, 0x000001bda8558000)
 Next Bits: [0x000001bda8560000, 0x000001bdaa528000)

Polling page: 0x000001bd910a0000

Metaspace:

Usage:
  Non-class:      9.33 MB used.
      Class:    915.09 KB used.
       Both:     10.23 MB used.

Virtual space:
  Non-class space:       64.00 MB reserved,       9.38 MB ( 15%) committed,  1 nodes.
      Class space:        1.00 GB reserved,     960.00 KB ( <1%) committed,  1 nodes.
             Both:        1.06 GB reserved,      10.31 MB ( <1%) committed. 

Chunk freelists:
   Non-Class:  6.62 MB
       Class:  14.97 MB
        Both:  21.59 MB

MaxMetaspaceSize: unlimited
CompressedClassSpaceSize: 1.00 GB
Initial GC threshold: 21.00 MB
Current GC threshold: 21.00 MB
CDS: off
MetaspaceReclaimPolicy: balanced
 - commit_granule_bytes: 65536.
 - commit_granule_words: 8192.
 - virtual_space_node_default_size: 8388608.
 - enlarge_chunks_in_place: 1.
 - new_chunks_are_fully_committed: 0.
 - uncommit_free_chunks: 1.
 - use_allocation_guard: 0.
 - handle_deallocations: 1.


Internal statistics:

num_allocs_failed_limit: 0.
num_arena_births: 12.
num_arena_deaths: 0.
num_vsnodes_births: 2.
num_vsnodes_deaths: 0.
num_space_committed: 165.
num_space_uncommitted: 0.
num_chunks_returned_to_freelist: 0.
num_chunks_taken_from_freelist: 52.
num_chunk_merges: 0.
num_chunk_splits: 29.
num_chunks_enlarged: 22.
num_inconsistent_stats: 0.

CodeHeap 'non-profiled nmethods': size=120000Kb used=366Kb max_used=366Kb free=119633Kb
 bounds [0x000001bd9e460000, 0x000001bd9e6d0000, 0x000001bda5990000]
CodeHeap 'profiled nmethods': size=120000Kb used=786Kb max_used=786Kb free=119213Kb
 bounds [0x000001bd96990000, 0x000001bd96c00000, 0x000001bd9dec0000]
CodeHeap 'non-nmethods': size=5760Kb used=1211Kb max_used=1238Kb free=4548Kb
 bounds [0x000001bd9dec0000, 0x000001bd9e130000, 0x000001bd9e460000]
 total_blobs=1012 nmethods=580 adapters=345
 compilation: enabled
              stopped_count=0, restarted_count=0
 full_count=0

Compilation events (20 events):
Event: 4401.372 Thread 0x000001bdaca50750  576       4       java.util.stream.ReduceOps$5::evaluateSequential (29 bytes)
Event: 4401.390 Thread 0x000001bdaca50750 nmethod 576 0x000001bd9e4b8310 code [0x000001bd9e4b8520, 0x000001bd9e4b92b8]
Event: 4401.390 Thread 0x000001bdaca50750  577       4       java.util.stream.AbstractPipeline::exactOutputSizeIfKnown (86 bytes)
Event: 4401.391 Thread 0x000001bdaca50750 nmethod 577 0x000001bd9e4b9e10 code [0x000001bd9e4b9f80, 0x000001bd9e4ba038]
Event: 4401.391 Thread 0x000001bdaca50750  578       4       java.util.stream.ReduceOps$CountingSink$OfRef::get (5 bytes)
Event: 4401.392 Thread 0x000001bdaca50750 nmethod 578 0x000001bd9e4ba110 code [0x000001bd9e4ba280, 0x000001bd9e4ba3b8]
Event: 4401.392 Thread 0x000001bdaca50750  579       4       java.lang.Long::valueOf (40 bytes)
Event: 4401.392 Thread 0x000001bdaca50750 nmethod 579 0x000001bd9e4ba490 code [0x000001bd9e4ba600, 0x000001bd9e4ba6f8]
Event: 4529.670 Thread 0x000001bdaca50750  581       4       org.eclipse.jdt.launching.internal.org.objectweb.asm.ClassReader::readUtf (44 bytes)
Event: 4529.727 Thread 0x000001bdaca50750 

Event: 5586.823 Thread 0x000001bdaca594e0  582       1       java.net.URL::getProtocol (5 bytes)
Event: 5586.840 Thread 0x000001bdaca594e0 nmethod 582 0x000001bd9e4ba810 code [0x000001bd9e4ba9a0, 0x000001bd9e4baa78]
Event: 5600.141 Thread 0x000001bdaca594e0  584       3       org.eclipse.jdt.launching.internal.org.objectweb.asm.ByteVector::<init> (13 bytes)
Event: 5600.187 Thread 0x000001bdaca594e0 

Event: 5697.803 Thread 0x000001bdaca594e0  585       3       java.util.Random::nextInt (74 bytes)
Event: 5697.869 Thread 0x000001bdaca594e0 nmethod 585 0x000001bd96a53c10 code [0x000001bd96a53e00, 0x000001bd96a54208]
Event: 5698.138 Thread 0x000001bdaca50750  586       4       java.util.Random::nextInt (74 bytes)
Event: 5698.231 Thread 0x000001bdaca50750 nmethod 586 0x000001bd9e4baf10 code [0x000001bd9e4bb0a0, 0x000001bd9e4bb2e8]
Event: 6668.200 Thread 0x000001bdaca594e0  587       3       java.lang.ref.ReferenceQueue::reallyPoll (65 bytes)
Event: 6668.672 Thread 0x000001bdaca594e0 nmethod 587 0x000001bd96a54390 code [0x000001bd96a54560, 0x000001bd96a54a98]

GC Heap History (20 events):
Event: 10202.418 GC heap after
{Heap after GC invocations=18552 (full 0):
 garbage-first heap   total 162816K, used 1458K [0x0000000080e00000, 0x0000000100000000)
  region size 1024K, 1 young (1024K), 1 survivors (1024K)
 Metaspace       used 10473K, committed 10560K, reserved 1114112K
  class space    used 915K, committed 960K, reserved 1048576K
}
Event: 10206.885 GC heap before
{Heap before GC invocations=18552 (full 0):
 garbage-first heap   total 162816K, used 97714K [0x0000000080e00000, 0x0000000100000000)
  region size 1024K, 95 young (97280K), 1 survivors (1024K)
 Metaspace       used 10473K, committed 10560K, reserved 1114112K
  class space    used 915K, committed 960K, reserved 1048576K
}
Event: 10206.885 GC heap after
{Heap after GC invocations=18553 (full 0):
 garbage-first heap   total 162816K, used 1458K [0x0000000080e00000, 0x0000000100000000)
  region size 1024K, 1 young (1024K), 1 survivors (1024K)
 Metaspace       used 10473K, committed 10560K, reserved 1114112K
  class space    used 915K, committed 960K, reserved 1048576K
}
Event: 10210.516 GC heap before
{Heap before GC invocations=18553 (full 0):
 garbage-first heap   total 162816K, used 97714K [0x0000000080e00000, 0x0000000100000000)
  region size 1024K, 95 young (97280K), 1 survivors (1024K)
 Metaspace       used 10473K, committed 10560K, reserved 1114112K
  class space    used 915K, committed 960K, reserved 1048576K
}
Event: 10210.516 GC heap after
{Heap after GC invocations=18554 (full 0):
 garbage-first heap   total 162816K, used 1458K [0x0000000080e00000, 0x0000000100000000)
  region size 1024K, 1 young (1024K), 1 survivors (1024K)
 Metaspace       used 10473K, committed 10560K, reserved 1114112K
  class space    used 915K, committed 960K, reserved 1048576K
}
Event: 10214.703 GC heap before
{Heap before GC invocations=18554 (full 0):
 garbage-first heap   total 162816K, used 97714K [0x0000000080e00000, 0x0000000100000000)
  region size 1024K, 95 young (97280K), 1 survivors (1024K)
 Metaspace       used 10473K, committed 10560K, reserved 1114112K
  class space    used 915K, committed 960K, reserved 1048576K
}
Event: 10214.704 GC heap after
{Heap after GC invocations=18555 (full 0):
 garbage-first heap   total 162816K, used 1458K [0x0000000080e00000, 0x0000000100000000)
  region size 1024K, 1 young (1024K), 1 survivors (1024K)
 Metaspace       used 10473K, committed 10560K, reserved 1114112K
  class space    used 915K, committed 960K, reserved 1048576K
}
Event: 10218.627 GC heap before
{Heap before GC invocations=18555 (full 0):
 garbage-first heap   total 162816K, used 97714K [0x0000000080e00000, 0x0000000100000000)
  region size 1024K, 95 young (97280K), 1 survivors (1024K)
 Metaspace       used 10473K, committed 10560K, reserved 1114112K
  class space    used 915K, committed 960K, reserved 1048576K
}
Event: 10218.628 GC heap after
{Heap after GC invocations=18556 (full 0):
 garbage-first heap   total 162816K, used 1458K [0x0000000080e00000, 0x0000000100000000)
  region size 1024K, 1 young (1024K), 1 survivors (1024K)
 Metaspace       used 10473K, committed 10560K, reserved 1114112K
  class space    used 915K, committed 960K, reserved 1048576K
}
Event: 10222.906 GC heap before
{Heap before GC invocations=18556 (full 0):
 garbage-first heap   total 162816K, used 97714K [0x0000000080e00000, 0x0000000100000000)
  region size 1024K, 95 young (97280K), 1 survivors (1024K)
 Metaspace       used 10473K, committed 10560K, reserved 1114112K
  class space    used 915K, committed 960K, reserved 1048576K
}
Event: 10222.907 GC heap after
{Heap after GC invocations=18557 (full 0):
 garbage-first heap   total 162816K, used 1458K [0x0000000080e00000, 0x0000000100000000)
  region size 1024K, 1 young (1024K), 1 survivors (1024K)
 Metaspace       used 10473K, committed 10560K, reserved 1114112K
  class space    used 915K, committed 960K, reserved 1048576K
}
Event: 10229.019 GC heap before
{Heap before GC invocations=18557 (full 0):
 garbage-first heap   total 162816K, used 97714K [0x0000000080e00000, 0x0000000100000000)
  region size 1024K, 95 young (97280K), 1 survivors (1024K)
 Metaspace       used 10473K, committed 10560K, reserved 1114112K
  class space    used 915K, committed 960K, reserved 1048576K
}
Event: 10270.505 GC heap after
{Heap after GC invocations=18558 (full 0):
 garbage-first heap   total 162816K, used 1458K [0x0000000080e00000, 0x0000000100000000)
  region size 1024K, 1 young (1024K), 1 survivors (1024K)
 Metaspace       used 10473K, committed 10560K, reserved 1114112K
  class space    used 915K, committed 960K, reserved 1048576K
}
Event: 10295.722 GC heap before
{Heap before GC invocations=18558 (full 0):
 garbage-first heap   total 162816K, used 7602K [0x0000000080e00000, 0x0000000100000000)
  region size 1024K, 7 young (7168K), 1 survivors (1024K)
 Metaspace       used 10473K, committed 10560K, reserved 1114112K
  class space    used 915K, committed 960K, reserved 1048576K
}
Event: 10395.993 GC heap after
{Heap after GC invocations=18559 (full 0):
 garbage-first heap   total 162816K, used 1456K [0x0000000080e00000, 0x0000000100000000)
  region size 1024K, 0 young (0K), 0 survivors (0K)
 Metaspace       used 10473K, committed 10560K, reserved 1114112K
  class space    used 915K, committed 960K, reserved 1048576K
}
Event: 10444.071 GC heap before
{Heap before GC invocations=18559 (full 0):
 garbage-first heap   total 162816K, used 8624K [0x0000000080e00000, 0x0000000100000000)
  region size 1024K, 7 young (7168K), 0 survivors (0K)
 Metaspace       used 10473K, committed 10560K, reserved 1114112K
  class space    used 915K, committed 960K, reserved 1048576K
}
Event: 10741.476 GC heap after
{Heap after GC invocations=18560 (full 0):
 garbage-first heap   total 162816K, used 1460K [0x0000000080e00000, 0x0000000100000000)
  region size 1024K, 1 young (1024K), 1 survivors (1024K)
 Metaspace       used 10473K, committed 10560K, reserved 1114112K
  class space    used 915K, committed 960K, reserved 1048576K
}
Event: 10751.262 GC heap before
{Heap before GC invocations=18560 (full 0):
 garbage-first heap   total 162816K, used 7604K [0x0000000080e00000, 0x0000000100000000)
  region size 1024K, 7 young (7168K), 1 survivors (1024K)
 Metaspace       used 10473K, committed 10560K, reserved 1114112K
  class space    used 915K, committed 960K, reserved 1048576K
}
Event: 10757.152 GC heap after
{Heap after GC invocations=18561 (full 0):
 garbage-first heap   total 162816K, used 1456K [0x0000000080e00000, 0x0000000100000000)
  region size 1024K, 0 young (0K), 0 survivors (0K)
 Metaspace       used 10473K, committed 10560K, reserved 1114112K
  class space    used 915K, committed 960K, reserved 1048576K
}
Event: 10757.909 GC heap before
{Heap before GC invocations=18561 (full 0):
 garbage-first heap   total 162816K, used 8624K [0x0000000080e00000, 0x0000000100000000)
  region size 1024K, 7 young (7168K), 0 survivors (0K)
 Metaspace       used 10473K, committed 10560K, reserved 1114112K
  class space    used 915K, committed 960K, reserved 1048576K
}

Dll operation events (8 events):
Event: 0.008 Loaded shared library C:\Users\Filipe\.p2\pool\plugins\org.eclipse.justj.openjdk.hotspot.jre.full.win32.x86_64_17.0.7.v20230425-1502\jre\bin\java.dll
Event: 0.965 Loaded shared library C:\Users\Filipe\.p2\pool\plugins\org.eclipse.justj.openjdk.hotspot.jre.full.win32.x86_64_17.0.7.v20230425-1502\jre\bin\net.dll
Event: 0.967 Loaded shared library C:\Users\Filipe\.p2\pool\plugins\org.eclipse.justj.openjdk.hotspot.jre.full.win32.x86_64_17.0.7.v20230425-1502\jre\bin\nio.dll
Event: 6.090 Loaded shared library C:\Users\Filipe\.p2\pool\plugins\org.eclipse.justj.openjdk.hotspot.jre.full.win32.x86_64_17.0.7.v20230425-1502\jre\bin\zip.dll
Event: 6.093 Loaded shared library C:\Users\Filipe\.p2\pool\plugins\org.eclipse.justj.openjdk.hotspot.jre.full.win32.x86_64_17.0.7.v20230425-1502\jre\bin\instrument.dll
Event: 6.104 Loaded shared library C:\Users\Filipe\.p2\pool\plugins\org.eclipse.justj.openjdk.hotspot.jre.full.win32.x86_64_17.0.7.v20230425-1502\jre\bin\zip.dll
Event: 6.576 Loaded shared library C:\Users\Filipe\.p2\pool\plugins\org.eclipse.justj.openjdk.hotspot.jre.full.win32.x86_64_17.0.7.v20230425-1502\jre\bin\jimage.dll
Event: 6.870 Loaded shared library C:\Users\Filipe\.p2\pool\plugins\org.eclipse.justj.openjdk.hotspot.jre.full.win32.x86_64_17.0.7.v20230425-1502\jre\bin\verify.dll

Deoptimization events (20 events):
Event: 145.026 Thread 0x000001bd932cbe90 DEOPT PACKING pc=0x000001bd96a4e22d sp=0x00000097884ff2d0
Event: 145.026 Thread 0x000001bd932cbe90 DEOPT UNPACKING pc=0x000001bd9df17143 sp=0x00000097884fe838 mode 0
Event: 1230.779 Thread 0x000001bd932cbe90 DEOPT PACKING pc=0x000001bd9e493992 sp=0x00000097884ff340
Event: 1230.779 Thread 0x000001bd932cbe90 DEOPT UNPACKING pc=0x000001bd9df17143 sp=0x00000097884fe838 mode 0
Event: 1331.587 Thread 0x000001bd932cbe90 DEOPT PACKING pc=0x000001bd9e4968a4 sp=0x00000097884ff340
Event: 1331.587 Thread 0x000001bd932cbe90 DEOPT UNPACKING pc=0x000001bd9df17143 sp=0x00000097884fe7e0 mode 0
Event: 1984.187 Thread 0x000001bd932cbe90 DEOPT PACKING pc=0x000001bd9e49c107 sp=0x00000097884ff340
Event: 1984.187 Thread 0x000001bd932cbe90 DEOPT UNPACKING pc=0x000001bd9df17143 sp=0x00000097884fe838 mode 0
Event: 2577.400 Thread 0x000001bd932cbe90 DEOPT PACKING pc=0x000001bd9e49e3a4 sp=0x00000097884ff340
Event: 2577.400 Thread 0x000001bd932cbe90 DEOPT UNPACKING pc=0x000001bd9df17143 sp=0x00000097884fe7e0 mode 0
Event: 4021.254 Thread 0x000001bd932cbe90 DEOPT PACKING pc=0x000001bd9e4a3348 sp=0x00000097884ff340
Event: 4021.254 Thread 0x000001bd932cbe90 DEOPT UNPACKING pc=0x000001bd9df17143 sp=0x00000097884fe7d8 mode 0
Event: 4077.721 Thread 0x000001bd932cbe90 DEOPT PACKING pc=0x000001bd9e4a5224 sp=0x00000097884ff340
Event: 4077.721 Thread 0x000001bd932cbe90 DEOPT UNPACKING pc=0x000001bd9df17143 sp=0x00000097884fe7e0 mode 0
Event: 4401.238 Thread 0x000001bd932cbe90 DEOPT PACKING pc=0x000001bd9e4aaaec sp=0x00000097884ff340
Event: 4401.238 Thread 0x000001bd932cbe90 DEOPT UNPACKING pc=0x000001bd9df17143 sp=0x00000097884fe778 mode 0
Event: 5697.702 Thread 0x000001bd932cbe90 Uncommon trap: trap_request=0xffffff45 fr.pc=0x000001bd9e486ea4 relative=0x0000000000000184
Event: 5697.722 Thread 0x000001bd932cbe90 Uncommon trap: reason=unstable_if action=reinterpret pc=0x000001bd9e486ea4 method=java.util.Random.nextInt(I)I @ 58 c2
Event: 5697.754 Thread 0x000001bd932cbe90 DEOPT PACKING pc=0x000001bd9e486ea4 sp=0x00000097884ff310
Event: 5697.802 Thread 0x000001bd932cbe90 DEOPT UNPACKING pc=0x000001bd9df169a3 sp=0x00000097884ff2b8 mode 2

Classes unloaded (0 events):
No events

Classes redefined (20 events):
Event: 1230.776 Thread 0x000001bdaca2ad60 redefined class name=campoMinado.Campo, count=1
Event: 1331.585 Thread 0x000001bdaca2ad60 redefined class name=campoMinado.temp, count=2
Event: 1331.586 Thread 0x000001bdaca2ad60 redefined class name=campoMinado.Campo, count=2
Event: 1927.512 Thread 0x000001bdaca2ad60 redefined class name=campoMinado.temp, count=3
Event: 1984.184 Thread 0x000001bdaca2ad60 redefined class name=campoMinado.Campo, count=3
Event: 2210.271 Thread 0x000001bdaca2ad60 redefined class name=campoMinado.temp, count=4
Event: 2577.398 Thread 0x000001bdaca2ad60 redefined class name=campoMinado.temp, count=5
Event: 2577.398 Thread 0x000001bdaca2ad60 redefined class name=campoMinado.Campo, count=4
Event: 4021.252 Thread 0x000001bdaca2ad60 redefined class name=campoMinado.temp, count=6
Event: 4021.252 Thread 0x000001bdaca2ad60 redefined class name=campoMinado.Campo, count=5
Event: 4077.719 Thread 0x000001bdaca2ad60 redefined class name=campoMinado.Campo, count=6
Event: 4191.973 Thread 0x000001bdaca2ad60 redefined class name=campoMinado.temp, count=7
Event: 4253.044 Thread 0x000001bdaca2ad60 redefined class name=campoMinado.temp, count=8
Event: 4401.135 Thread 0x000001bdaca2ad60 redefined class name=campoMinado.temp, count=9
Event: 4401.135 Thread 0x000001bdaca2ad60 redefined class name=campoMinado.Tabuleiro, count=1
Event: 4503.751 Thread 0x000001bdaca2ad60 redefined class name=campoMinado.temp, count=10
Event: 4529.711 Thread 0x000001bdaca2ad60 redefined class name=campoMinado.temp, count=11
Event: 4656.598 Thread 0x000001bdaca2ad60 redefined class name=campoMinado.temp, count=12
Event: 5586.838 Thread 0x000001bdaca2ad60 redefined class name=campoMinado.temp, count=13
Event: 5600.186 Thread 0x000001bdaca2ad60 redefined class name=campoMinado.temp, count=14

Internal exceptions (1 events):
Event: 0.997 Thread 0x000001bd932cbe90 Exception <a 'java/lang/NoSuchMethodError'{0x0000000088c27680}: 'void java.lang.invoke.DirectMethodHandle$Holder.invokeVirtual(java.lang.Object, java.lang.Object)'> (0x0000000088c27680) 
thrown [s\src\hotspot\share\interpreter\linkResolver.cpp, line 759]

VM Operations (20 events):
Event: 10202.418 Executing VM operation: G1CollectForAllocation done
Event: 10206.885 Executing VM operation: G1CollectForAllocation
Event: 10206.885 Executing VM operation: G1CollectForAllocation done
Event: 10210.516 Executing VM operation: G1CollectForAllocation
Event: 10210.516 Executing VM operation: G1CollectForAllocation done
Event: 10214.703 Executing VM operation: G1CollectForAllocation
Event: 10214.704 Executing VM operation: G1CollectForAllocation done
Event: 10218.627 Executing VM operation: G1CollectForAllocation
Event: 10218.628 Executing VM operation: G1CollectForAllocation done
Event: 10222.906 Executing VM operation: G1CollectForAllocation
Event: 10222.907 Executing VM operation: G1CollectForAllocation done
Event: 10228.484 Executing VM operation: G1CollectForAllocation
Event: 10284.818 Executing VM operation: G1CollectForAllocation done
Event: 10292.821 Executing VM operation: G1CollectForAllocation
Event: 10417.673 Executing VM operation: G1CollectForAllocation done
Event: 10439.102 Executing VM operation: G1CollectForAllocation
Event: 10746.531 Executing VM operation: G1CollectForAllocation done
Event: 10749.390 Executing VM operation: G1CollectForAllocation
Event: 10757.152 Executing VM operation: G1CollectForAllocation done
Event: 10757.181 Executing VM operation: G1CollectForAllocation

Events (20 events):
Event: 7.034 loading class java/lang/WeakPairMap$WeakRefPeer done
Event: 7.034 loading class java/lang/WeakPairMap$Pair$Weak done
Event: 7.034 loading class java/lang/WeakPairMap$Pair$Weak$1
Event: 7.034 loading class java/lang/WeakPairMap$Pair$Weak$1 done
Event: 7.046 loading class java/util/Random
Event: 7.046 loading class java/util/random/RandomGenerator
Event: 7.047 loading class java/util/random/RandomGenerator done
Event: 7.047 loading class java/util/Random done
Event: 7.047 loading class java/util/ArrayList$ArrayListSpliterator
Event: 7.047 loading class java/util/ArrayList$ArrayListSpliterator done
Event: 7.048 loading class java/util/stream/ReduceOps$5
Event: 7.048 loading class java/util/stream/ReduceOps$5 done
Event: 7.048 loading class java/util/stream/ReduceOps$CountingSink$OfRef
Event: 7.048 loading class java/util/stream/ReduceOps$CountingSink
Event: 7.048 loading class java/util/stream/ReduceOps$CountingSink done
Event: 7.048 loading class java/util/stream/ReduceOps$CountingSink$OfRef done
Event: 7.049 loading class java/lang/Long$LongCache
Event: 7.049 loading class java/lang/Long$LongCache done
Event: 7.069 Thread 0x000001bdb15bae30 Thread added: 0x000001bdb15bae30
Event: 7.225 Thread 0x000001bdb15bae30 Thread exited: 0x000001bdb15bae30


Dynamic libraries:
0x00007ff7e7c70000 - 0x00007ff7e7c7e000 	C:\Users\Filipe\.p2\pool\plugins\org.eclipse.justj.openjdk.hotspot.jre.full.win32.x86_64_17.0.7.v20230425-1502\jre\bin\javaw.exe
0x00007ffedb0f0000 - 0x00007ffedb2e8000 	C:\WINDOWS\SYSTEM32\ntdll.dll
0x00007ffed95e0000 - 0x00007ffed969d000 	C:\WINDOWS\System32\KERNEL32.DLL
0x00007ffed8ad0000 - 0x00007ffed8dc6000 	C:\WINDOWS\System32\KERNELBASE.dll
0x00007ffed8dd0000 - 0x00007ffed8ed0000 	C:\WINDOWS\System32\ucrtbase.dll
0x00007ffec9f50000 - 0x00007ffec9f67000 	C:\Users\Filipe\.p2\pool\plugins\org.eclipse.justj.openjdk.hotspot.jre.full.win32.x86_64_17.0.7.v20230425-1502\jre\bin\jli.dll
0x00007ffed9420000 - 0x00007ffed95be000 	C:\WINDOWS\System32\USER32.dll
0x00007ffed8a50000 - 0x00007ffed8a72000 	C:\WINDOWS\System32\win32u.dll
0x00007ffed93e0000 - 0x00007ffed940c000 	C:\WINDOWS\System32\GDI32.dll
0x00007ffed87d0000 - 0x00007ffed88ea000 	C:\WINDOWS\System32\gdi32full.dll
0x00007ffed8fb0000 - 0x00007ffed904d000 	C:\WINDOWS\System32\msvcp_win.dll
0x00007ffed5ef0000 - 0x00007ffed5f09000 	C:\Users\Filipe\.p2\pool\plugins\org.eclipse.justj.openjdk.hotspot.jre.full.win32.x86_64_17.0.7.v20230425-1502\jre\bin\VCRUNTIME140.dll
0x00007ffec8b20000 - 0x00007ffec8dba000 	C:\WINDOWS\WinSxS\amd64_microsoft.windows.common-controls_6595b64144ccf1df_6.0.19041.1110_none_60b5254171f9507e\COMCTL32.dll
0x00007ffedb010000 - 0x00007ffedb0ae000 	C:\WINDOWS\System32\msvcrt.dll
0x00007ffeda8f0000 - 0x00007ffeda920000 	C:\WINDOWS\System32\IMM32.DLL
0x00007ffed5ee0000 - 0x00007ffed5eec000 	C:\Users\Filipe\.p2\pool\plugins\org.eclipse.justj.openjdk.hotspot.jre.full.win32.x86_64_17.0.7.v20230425-1502\jre\bin\vcruntime140_1.dll
0x00007ffec2b50000 - 0x00007ffec2be1000 	C:\Users\Filipe\.p2\pool\plugins\org.eclipse.justj.openjdk.hotspot.jre.full.win32.x86_64_17.0.7.v20230425-1502\jre\bin\msvcp140.dll
0x00007ffe757a0000 - 0x00007ffe763e8000 	C:\Users\Filipe\.p2\pool\plugins\org.eclipse.justj.openjdk.hotspot.jre.full.win32.x86_64_17.0.7.v20230425-1502\jre\bin\server\jvm.dll
0x00007ffed9150000 - 0x00007ffed91fe000 	C:\WINDOWS\System32\ADVAPI32.dll
0x00007ffed9200000 - 0x00007ffed929c000 	C:\WINDOWS\System32\sechost.dll
0x00007ffeda250000 - 0x00007ffeda376000 	C:\WINDOWS\System32\RPCRT4.dll
0x00007ffec2e90000 - 0x00007ffec2e99000 	C:\WINDOWS\SYSTEM32\WSOCK32.dll
0x00007ffed9e60000 - 0x00007ffed9ecb000 	C:\WINDOWS\System32\WS2_32.dll
0x00007ffecde80000 - 0x00007ffecdea7000 	C:\WINDOWS\SYSTEM32\WINMM.dll
0x00007ffed1ff0000 - 0x00007ffed1ffa000 	C:\WINDOWS\SYSTEM32\VERSION.dll
0x00007ffed6570000 - 0x00007ffed6582000 	C:\WINDOWS\SYSTEM32\kernel.appcore.dll
0x00007ffec6a60000 - 0x00007ffec6a6a000 	C:\Users\Filipe\.p2\pool\plugins\org.eclipse.justj.openjdk.hotspot.jre.full.win32.x86_64_17.0.7.v20230425-1502\jre\bin\jimage.dll
0x00007ffeca120000 - 0x00007ffeca304000 	C:\WINDOWS\SYSTEM32\DBGHELP.DLL
0x00007ffec3c60000 - 0x00007ffec3c94000 	C:\WINDOWS\SYSTEM32\dbgcore.DLL
0x00007ffed9050000 - 0x00007ffed90d2000 	C:\WINDOWS\System32\bcryptPrimitives.dll
0x00007ffebded0000 - 0x00007ffebdf0b000 	C:\Users\Filipe\.p2\pool\plugins\org.eclipse.justj.openjdk.hotspot.jre.full.win32.x86_64_17.0.7.v20230425-1502\jre\bin\jdwp.dll
0x00007ffecb830000 - 0x00007ffecb83e000 	C:\Users\Filipe\.p2\pool\plugins\org.eclipse.justj.openjdk.hotspot.jre.full.win32.x86_64_17.0.7.v20230425-1502\jre\bin\instrument.dll
0x00007ffec3100000 - 0x00007ffec3125000 	C:\Users\Filipe\.p2\pool\plugins\org.eclipse.justj.openjdk.hotspot.jre.full.win32.x86_64_17.0.7.v20230425-1502\jre\bin\java.dll
0x00007ffebb890000 - 0x00007ffebb8a8000 	C:\Users\Filipe\.p2\pool\plugins\org.eclipse.justj.openjdk.hotspot.jre.full.win32.x86_64_17.0.7.v20230425-1502\jre\bin\zip.dll
0x00007ffed9710000 - 0x00007ffed9e55000 	C:\WINDOWS\System32\SHELL32.dll
0x00007ffed6880000 - 0x00007ffed701b000 	C:\WINDOWS\SYSTEM32\windows.storage.dll
0x00007ffeda530000 - 0x00007ffeda884000 	C:\WINDOWS\System32\combase.dll
0x00007ffed8140000 - 0x00007ffed816e000 	C:\WINDOWS\SYSTEM32\Wldp.dll
0x00007ffeda9d0000 - 0x00007ffedaa7d000 	C:\WINDOWS\System32\SHCORE.dll
0x00007ffed9f70000 - 0x00007ffed9fc5000 	C:\WINDOWS\System32\shlwapi.dll
0x00007ffed8700000 - 0x00007ffed8725000 	C:\WINDOWS\SYSTEM32\profapi.dll
0x00007ffebb2e0000 - 0x00007ffebb2f9000 	C:\Users\Filipe\.p2\pool\plugins\org.eclipse.justj.openjdk.hotspot.jre.full.win32.x86_64_17.0.7.v20230425-1502\jre\bin\net.dll
0x00007ffed13d0000 - 0x00007ffed14da000 	C:\WINDOWS\SYSTEM32\WINHTTP.dll
0x00007ffed7ea0000 - 0x00007ffed7f0a000 	C:\WINDOWS\system32\mswsock.dll
0x00007ffeb8690000 - 0x00007ffeb86a5000 	C:\Users\Filipe\.p2\pool\plugins\org.eclipse.justj.openjdk.hotspot.jre.full.win32.x86_64_17.0.7.v20230425-1502\jre\bin\nio.dll
0x00007ffec6a40000 - 0x00007ffec6a4c000 	C:\Users\Filipe\.p2\pool\plugins\org.eclipse.justj.openjdk.hotspot.jre.full.win32.x86_64_17.0.7.v20230425-1502\jre\bin\dt_socket.dll
0x00007ffed7b90000 - 0x00007ffed7bcb000 	C:\WINDOWS\SYSTEM32\IPHLPAPI.DLL
0x00007ffed7bd0000 - 0x00007ffed7c9a000 	C:\WINDOWS\SYSTEM32\DNSAPI.dll
0x00007ffed9ed0000 - 0x00007ffed9ed8000 	C:\WINDOWS\System32\NSI.dll
0x00007ffecdba0000 - 0x00007ffecdbaa000 	C:\Windows\System32\rasadhlp.dll
0x00007ffecc5d0000 - 0x00007ffecc652000 	C:\WINDOWS\System32\fwpuclnt.dll
0x00007ffed8ed0000 - 0x00007ffed8ef7000 	C:\WINDOWS\System32\bcrypt.dll
0x00007ffec68d0000 - 0x00007ffec68e0000 	C:\Users\Filipe\.p2\pool\plugins\org.eclipse.justj.openjdk.hotspot.jre.full.win32.x86_64_17.0.7.v20230425-1502\jre\bin\verify.dll

dbghelp: loaded successfully - version: 4.0.5 - missing functions: none
symbol engine: initialized successfully - sym options: 0x614 - pdb path: .;C:\Users\Filipe\.p2\pool\plugins\org.eclipse.justj.openjdk.hotspot.jre.full.win32.x86_64_17.0.7.v20230425-1502\jre\bin;C:\WINDOWS\SYSTEM32;C:\WINDOWS\WinSxS\amd64_microsoft.windows.common-controls_6595b64144ccf1df_6.0.19041.1110_none_60b5254171f9507e;C:\Users\Filipe\.p2\pool\plugins\org.eclipse.justj.openjdk.hotspot.jre.full.win32.x86_64_17.0.7.v20230425-1502\jre\bin\server

VM Arguments:
jvm_args: -XX:+ShowCodeDetailsInExceptionMessages -agentlib:jdwp=transport=dt_socket,suspend=y,address=localhost:51259 -javaagent:C:\Users\Filipe\eclipse\java-2023-06\eclipse\configuration\org.eclipse.osgi\248\0\.cp\lib\javaagent-shaded.jar -Dfile.encoding=UTF-8 --module-path=C:\Users\Filipe\Desktop\projetos java\campoMinado\bin -Djdk.module.main=campoMinado 
java_command: campoMinado/campoMinado.temp
java_class_path (initial): <not set>
Launcher Type: SUN_STANDARD

[Global flags]
     intx CICompilerCount                          = 3                                         {product} {ergonomic}
     uint ConcGCThreads                            = 1                                         {product} {ergonomic}
     uint G1ConcRefinementThreads                  = 4                                         {product} {ergonomic}
   size_t G1HeapRegionSize                         = 1048576                                   {product} {ergonomic}
    uintx GCDrainStackTargetSize                   = 64                                        {product} {ergonomic}
   size_t InitialHeapSize                          = 134217728                                 {product} {ergonomic}
   size_t MarkStackSize                            = 4194304                                   {product} {ergonomic}
   size_t MaxHeapSize                              = 2132803584                                {product} {ergonomic}
   size_t MaxNewSize                               = 1279262720                                {product} {ergonomic}
   size_t MinHeapDeltaBytes                        = 1048576                                   {product} {ergonomic}
   size_t MinHeapSize                              = 8388608                                   {product} {ergonomic}
    uintx NonNMethodCodeHeapSize                   = 5832780                                {pd product} {ergonomic}
    uintx NonProfiledCodeHeapSize                  = 122912730                              {pd product} {ergonomic}
    uintx ProfiledCodeHeapSize                     = 122912730                              {pd product} {ergonomic}
    uintx ReservedCodeCacheSize                    = 251658240                              {pd product} {ergonomic}
     bool SegmentedCodeCache                       = true                                      {product} {ergonomic}
     bool ShowCodeDetailsInExceptionMessages       = true                                   {manageable} {command line}
   size_t SoftMaxHeapSize                          = 2132803584                             {manageable} {ergonomic}
     bool UseCompressedClassPointers               = true                           {product lp64_product} {ergonomic}
     bool UseCompressedOops                        = true                           {product lp64_product} {ergonomic}
     bool UseG1GC                                  = true                                      {product} {ergonomic}
     bool UseLargePagesIndividualAllocation        = false                                  {pd product} {ergonomic}

Logging:
Log output configuration:
 #0: stdout all=warning uptime,level,tags
 #1: stderr all=off uptime,level,tags

Environment Variables:
JAVA_HOME=C:\Program Files\Java\jdk-11
PATH=C:\Users\Filipe\.p2\pool\plugins\org.eclipse.justj.openjdk.hotspot.jre.full.win32.x86_64_17.0.7.v20230425-1502\jre\bin;C:/Users/Filipe/.p2/pool/plugins/org.eclipse.justj.openjdk.hotspot.jre.full.win32.x86_64_17.0.7.v20230425-1502/jre/bin/server;C:/Users/Filipe/.p2/pool/plugins/org.eclipse.justj.openjdk.hotspot.jre.full.win32.x86_64_17.0.7.v20230425-1502/jre/bin;C:\Program Files\Java\jdk-11\bin;C:\Program Files (x86)\Common Files\Oracle\Java\javapath;C:\Windows\system32;C:\Windows;C:\Windows\System32\Wbem;C:\Windows\System32\WindowsPowerShell\v1.0\;C:\Windows\System32\OpenSSH\;C:\Program Files\NVIDIA Corporation\NVIDIA NvDLISR;C:\Program Files (x86)\NVIDIA Corporation\PhysX\Common;C:\Program Files\Calibre2\;C:\WINDOWS\system32;C:\WINDOWS;C:\WINDOWS\System32\Wbem;C:\WINDOWS\System32\WindowsPowerShell\v1.0\;C:\WINDOWS\System32\OpenSSH\;C:\Program Files\Git\cmd;C:\Program Files\nodejs\;C:\Users\Filipe\AppData\Local\Programs\Python\Python311\Scripts\;C:\Users\Filipe\AppData\Local\Programs\Python\Python311\;C:\Users\Filipe\AppData\Local\Microsoft\WindowsApps;;C:\Users\Filipe\AppData\Local\Programs\Microsoft VS Code\bin;C:\Users\Filipe\AppData\Roaming\npm;C:\WINDOWS\system32;
USERNAME=Filipe
OS=Windows_NT
PROCESSOR_IDENTIFIER=Intel64 Family 6 Model 158 Stepping 9, GenuineIntel
TMP=C:\Users\Filipe\AppData\Local\Temp
TEMP=C:\Users\Filipe\AppData\Local\Temp



---------------  S Y S T E M  ---------------

OS:
 Windows 10 , 64 bit Build 19041 (10.0.19041.3393)
OS uptime: 0 days 5:29 hours

CPU: total 4 (initial active 4) (4 cores per cpu, 1 threads per core) family 6 model 158 stepping 9 microcode 0xb4, cx8, cmov, fxsr, mmx, 3dnowpref, sse, sse2, sse3, ssse3, sse4.1, sse4.2, popcnt, lzcnt, tsc, tscinvbit, avx, avx2, aes, erms, clmul, bmi1, bmi2, adx, fma, vzeroupper, clflush, clflushopt

Memory: 4k page, system-wide physical 8129M (1691M free)
TotalPageFile size 23129M (AvailPageFile size 50M)
current process WorkingSet (physical memory assigned to process): 13M, peak: 158M
current process commit charge ("private bytes"): 236M, peak: 554M

vm_info: OpenJDK 64-Bit Server VM (17.0.7+7) for windows-amd64 JRE (17.0.7+7), built on Apr 18 2023 22:10:42 by "temurin" with MS VC++ 16.7 (VS2019)

END.
