#
# There is insufficient memory for the Java Runtime Environment to continue.
# Native memory allocation (mmap) failed to map 268435456 bytes for G1 virtual space
# Possible reasons:
#   The system is out of physical RAM or swap space
#   The process is running with CompressedOops enabled, and the Java Heap may be blocking the growth of the native heap
# Possible solutions:
#   Reduce memory load on the system
#   Increase physical memory or swap space
#   Check if swap backing store is full
#   Decrease Java heap size (-Xmx/-Xms)
#   Decrease number of Java threads
#   Decrease Java thread stack sizes (-Xss)
#   Set larger code cache with -XX:ReservedCodeCacheSize=
#   JVM is running with Unscaled Compressed Oops mode in which the Java heap is
#     placed in the first 4GB address space. The Java Heap base address is the
#     maximum limit for the native heap growth. Please use -XX:HeapBaseMinAddress
#     to set the Java Heap base and to place the Java Heap above 4GB virtual address.
# This output file may be truncated or incomplete.
#
#  Out of Memory Error (os_windows.cpp:3559), pid=9364, tid=14068
#
# JRE version: OpenJDK Runtime Environment Temurin-17.0.7+7 (17.0.7+7) (build 17.0.7+7)
# Java VM: OpenJDK 64-Bit Server VM Temurin-17.0.7+7 (17.0.7+7, mixed mode, tiered, compressed oops, compressed class ptrs, g1 gc, windows-amd64)
# No core dump will be written. Minidumps are not enabled by default on client versions of Windows
#

---------------  S U M M A R Y ------------

Command Line: -XX:+ShowCodeDetailsInExceptionMessages -agentlib:jdwp=transport=dt_socket,suspend=y,address=localhost:53843 -javaagent:C:\Users\Filipe\eclipse\java-2023-06\eclipse\configuration\org.eclipse.osgi\248\0\.cp\lib\javaagent-shaded.jar -Dfile.encoding=UTF-8 --module-path=C:\Users\Filipe\Desktop\projetos java\campoMinado\bin -Djdk.module.main=campoMinado campoMinado/campoMinado.temp

Host: Intel(R) Core(TM) i5-7400 CPU @ 3.00GHz, 4 cores, 7G,  Windows 10 , 64 bit Build 19041 (10.0.19041.3393)
Time: Tue Oct 24 17:16:48 2023 Hora oficial do Brasil elapsed time: 5365.594995 seconds (0d 1h 29m 25s)

---------------  T H R E A D  ---------------

Current thread (0x00000269d2ffaf20):  VMThread "VM Thread" [stack: 0x000000d19f800000,0x000000d19f900000] [id=14068]

Stack: [0x000000d19f800000,0x000000d19f900000]
Native frames: (J=compiled Java code, j=interpreted, Vv=VM code, C=native code)
V  [jvm.dll+0x67754a]
V  [jvm.dll+0x834304]
V  [jvm.dll+0x835aae]
V  [jvm.dll+0x836113]
V  [jvm.dll+0x24696f]
V  [jvm.dll+0x6743f9]
V  [jvm.dll+0x668c8a]
V  [jvm.dll+0x3061bb]
V  [jvm.dll+0x30d6a6]
V  [jvm.dll+0x35cece]
V  [jvm.dll+0x35d0ff]
V  [jvm.dll+0x2dd048]
V  [jvm.dll+0x2db20c]
V  [jvm.dll+0x2da7dc]
V  [jvm.dll+0x31e6db]
V  [jvm.dll+0x83a5bb]
V  [jvm.dll+0x83b2f4]
V  [jvm.dll+0x83b80c]
V  [jvm.dll+0x83bbe4]
V  [jvm.dll+0x83bcb0]
V  [jvm.dll+0x7e4e7a]
V  [jvm.dll+0x676395]
C  [ucrtbase.dll+0x21bb2]
C  [KERNEL32.DLL+0x17344]
C  [ntdll.dll+0x526b1]

VM_Operation (0x000000d19f2fec40): G1CollectForAllocation, mode: safepoint, requested by thread 0x00000269b98bbe90


---------------  P R O C E S S  ---------------

Threads class SMR info:
_java_thread_list=0x00000269d8380080, length=15, elements={
0x00000269b98bbe90, 0x00000269d2ffb6a0, 0x00000269d3020df0, 0x00000269d304d020,
0x00000269d304eef0, 0x00000269d30518b0, 0x00000269d319a3f0, 0x00000269d319afe0,
0x00000269d3204200, 0x00000269d305df70, 0x00000269d32b59c0, 0x00000269d3440d60,
0x00000269d352e180, 0x00000269d3532690, 0x00000269d80a2b10
}

Java Threads: ( => current thread )
  0x00000269b98bbe90 JavaThread "main" [_thread_blocked, id=14340, stack(0x000000d19f200000,0x000000d19f300000)]
  0x00000269d2ffb6a0 JavaThread "Reference Handler" daemon [_thread_blocked, id=15924, stack(0x000000d19f900000,0x000000d19fa00000)]
  0x00000269d3020df0 JavaThread "Finalizer" daemon [_thread_blocked, id=15140, stack(0x000000d19fa00000,0x000000d19fb00000)]
  0x00000269d304d020 JavaThread "Signal Dispatcher" daemon [_thread_blocked, id=14632, stack(0x000000d19fb00000,0x000000d19fc00000)]
  0x00000269d304eef0 JavaThread "Attach Listener" daemon [_thread_blocked, id=15320, stack(0x000000d19fc00000,0x000000d19fd00000)]
  0x00000269d30518b0 JavaThread "Service Thread" daemon [_thread_blocked, id=12832, stack(0x000000d19fd00000,0x000000d19fe00000)]
  0x00000269d319a3f0 JavaThread "Monitor Deflation Thread" daemon [_thread_blocked, id=11280, stack(0x000000d19fe00000,0x000000d19ff00000)]
  0x00000269d319afe0 JavaThread "C2 CompilerThread0" daemon [_thread_blocked, id=14320, stack(0x000000d19ff00000,0x000000d1a0000000)]
  0x00000269d3204200 JavaThread "C1 CompilerThread0" daemon [_thread_blocked, id=10352, stack(0x000000d1a0000000,0x000000d1a0100000)]
  0x00000269d305df70 JavaThread "Sweeper thread" daemon [_thread_blocked, id=3372, stack(0x000000d1a0100000,0x000000d1a0200000)]
  0x00000269d32b59c0 JavaThread "Common-Cleaner" daemon [_thread_blocked, id=14928, stack(0x000000d1a0200000,0x000000d1a0300000)]
  0x00000269d3440d60 JavaThread "JDWP Transport Listener: dt_socket" daemon [_thread_blocked, id=8224, stack(0x000000d1a0300000,0x000000d1a0400000)]
  0x00000269d352e180 JavaThread "JDWP Event Helper Thread" daemon [_thread_blocked, id=4816, stack(0x000000d1a0400000,0x000000d1a0500000)]
  0x00000269d3532690 JavaThread "JDWP Command Reader" daemon [_thread_in_native, id=10208, stack(0x000000d1a0500000,0x000000d1a0600000)]
  0x00000269d80a2b10 JavaThread "Notification Thread" daemon [_thread_blocked, id=7428, stack(0x000000d1a0600000,0x000000d1a0700000)]

Other Threads:
=>0x00000269d2ffaf20 VMThread "VM Thread" [stack: 0x000000d19f800000,0x000000d19f900000] [id=14068]
  0x00000269d8311c60 WatcherThread [stack: 0x000000d1a0700000,0x000000d1a0800000] [id=12800]
  0x00000269b9914bb0 GCTaskThread "GC Thread#0" [stack: 0x000000d19f300000,0x000000d19f400000] [id=16096]
  0x00000269d82cfaa0 GCTaskThread "GC Thread#1" [stack: 0x000000d1a0900000,0x000000d1a0a00000] [id=16068]
  0x00000269d82cfd50 GCTaskThread "GC Thread#2" [stack: 0x000000d1a0a00000,0x000000d1a0b00000] [id=10808]
  0x00000269d81a9ce0 GCTaskThread "GC Thread#3" [stack: 0x000000d1a0b00000,0x000000d1a0c00000] [id=11152]
  0x00000269b9925930 ConcurrentGCThread "G1 Main Marker" [stack: 0x000000d19f400000,0x000000d19f500000] [id=14388]
  0x00000269b9926340 ConcurrentGCThread "G1 Conc#0" [stack: 0x000000d19f500000,0x000000d19f600000] [id=4164]
  0x00000269b998dee0 ConcurrentGCThread "G1 Refine#0" [stack: 0x000000d19f600000,0x000000d19f700000] [id=15604]
  0x00000269b998e900 ConcurrentGCThread "G1 Service" [stack: 0x000000d19f700000,0x000000d19f800000] [id=14836]

Threads with active compile tasks:

VM state: at safepoint (normal execution)

VM Mutex/Monitor currently owned by a thread:  ([mutex/lock_event])
[0x00000269b98b5c70] Threads_lock - owner thread: 0x00000269d2ffaf20
[0x00000269b98b4830] Heap_lock - owner thread: 0x00000269b98bbe90

Heap address: 0x0000000080e00000, size: 2034 MB, Compressed Oops mode: 32-bit

CDS archive(s) not mapped
Compressed class space mapped at: 0x0000000100000000-0x0000000140000000, reserved size: 1073741824
Narrow klass base: 0x0000000000000000, Narrow klass shift: 3, Narrow klass range: 0x140000000

GC Precious Log:
 CPUs: 4 total, 4 available
 Memory: 8129M
 Large Page Support: Disabled
 NUMA Support: Disabled
 Compressed Oops: Enabled (32-bit)
 Heap Region Size: 1M
 Heap Min Capacity: 8M
 Heap Initial Capacity: 128M
 Heap Max Capacity: 2034M
 Pre-touch: Disabled
 Parallel Workers: 4
 Concurrent Workers: 1
 Concurrent Refinement Workers: 4
 Periodic GC: Disabled

Heap:
 garbage-first heap   total 131072K, used 1435K [0x0000000080e00000, 0x0000000100000000)
  region size 1024K, 1 young (1024K), 1 survivors (1024K)
 Metaspace       used 10392K, committed 10496K, reserved 1114112K
  class space    used 911K, committed 960K, reserved 1048576K

Heap Regions: E=young(eden), S=young(survivor), O=old, HS=humongous(starts), HC=humongous(continues), CS=collection set, F=free, OA=open archive, CA=closed archive, TAMS=top-at-mark-start (previous, next)
|   0|0x0000000080e00000, 0x0000000080f00000, 0x0000000080f00000|100%| O|  |TAMS 0x0000000080e00000, 0x0000000080e00000| Untracked 
|   1|0x0000000080f00000, 0x0000000080f66600, 0x0000000081000000| 39%| O|  |TAMS 0x0000000080f00000, 0x0000000080f00000| Untracked 
|   2|0x0000000081000000, 0x0000000081000000, 0x0000000081100000|  0%| F|  |TAMS 0x0000000081000000, 0x0000000081000000| Untracked 
|   3|0x0000000081100000, 0x0000000081100000, 0x0000000081200000|  0%| F|  |TAMS 0x0000000081100000, 0x0000000081100000| Untracked 
|   4|0x0000000081200000, 0x0000000081200000, 0x0000000081300000|  0%| F|  |TAMS 0x0000000081200000, 0x0000000081200000| Untracked 
|   5|0x0000000081300000, 0x0000000081300000, 0x0000000081400000|  0%| F|  |TAMS 0x0000000081300000, 0x0000000081300000| Untracked 
|   6|0x0000000081400000, 0x0000000081400000, 0x0000000081500000|  0%| F|  |TAMS 0x0000000081400000, 0x0000000081400000| Untracked 
|   7|0x0000000081500000, 0x0000000081500000, 0x0000000081600000|  0%| F|  |TAMS 0x0000000081500000, 0x0000000081500000| Untracked 
|   8|0x0000000081600000, 0x0000000081600000, 0x0000000081700000|  0%| F|  |TAMS 0x0000000081600000, 0x0000000081600000| Untracked 
|   9|0x0000000081700000, 0x0000000081700000, 0x0000000081800000|  0%| F|  |TAMS 0x0000000081700000, 0x0000000081700000| Untracked 
|  10|0x0000000081800000, 0x0000000081800000, 0x0000000081900000|  0%| F|  |TAMS 0x0000000081800000, 0x0000000081800000| Untracked 
|  11|0x0000000081900000, 0x0000000081900000, 0x0000000081a00000|  0%| F|  |TAMS 0x0000000081900000, 0x0000000081900000| Untracked 
|  12|0x0000000081a00000, 0x0000000081a00000, 0x0000000081b00000|  0%| F|  |TAMS 0x0000000081a00000, 0x0000000081a00000| Untracked 
|  13|0x0000000081b00000, 0x0000000081b00000, 0x0000000081c00000|  0%| F|  |TAMS 0x0000000081b00000, 0x0000000081b00000| Untracked 
|  14|0x0000000081c00000, 0x0000000081c00000, 0x0000000081d00000|  0%| F|  |TAMS 0x0000000081c00000, 0x0000000081c00000| Untracked 
|  15|0x0000000081d00000, 0x0000000081d00000, 0x0000000081e00000|  0%| F|  |TAMS 0x0000000081d00000, 0x0000000081d00000| Untracked 
|  16|0x0000000081e00000, 0x0000000081e00000, 0x0000000081f00000|  0%| F|  |TAMS 0x0000000081e00000, 0x0000000081e00000| Untracked 
|  17|0x0000000081f00000, 0x0000000081f00000, 0x0000000082000000|  0%| F|  |TAMS 0x0000000081f00000, 0x0000000081f00000| Untracked 
|  18|0x0000000082000000, 0x0000000082000000, 0x0000000082100000|  0%| F|  |TAMS 0x0000000082000000, 0x0000000082000000| Untracked 
|  19|0x0000000082100000, 0x0000000082100000, 0x0000000082200000|  0%| F|  |TAMS 0x0000000082100000, 0x0000000082100000| Untracked 
|  20|0x0000000082200000, 0x0000000082200000, 0x0000000082300000|  0%| F|  |TAMS 0x0000000082200000, 0x0000000082200000| Untracked 
|  21|0x0000000082300000, 0x0000000082300000, 0x0000000082400000|  0%| F|  |TAMS 0x0000000082300000, 0x0000000082300000| Untracked 
|  22|0x0000000082400000, 0x0000000082400000, 0x0000000082500000|  0%| F|  |TAMS 0x0000000082400000, 0x0000000082400000| Untracked 
|  23|0x0000000082500000, 0x0000000082500000, 0x0000000082600000|  0%| F|  |TAMS 0x0000000082500000, 0x0000000082500000| Untracked 
|  24|0x0000000082600000, 0x0000000082600000, 0x0000000082700000|  0%| F|  |TAMS 0x0000000082600000, 0x0000000082600000| Untracked 
|  25|0x0000000082700000, 0x0000000082700000, 0x0000000082800000|  0%| F|  |TAMS 0x0000000082700000, 0x0000000082700000| Untracked 
|  26|0x0000000082800000, 0x0000000082800000, 0x0000000082900000|  0%| F|  |TAMS 0x0000000082800000, 0x0000000082800000| Untracked 
|  27|0x0000000082900000, 0x0000000082900000, 0x0000000082a00000|  0%| F|  |TAMS 0x0000000082900000, 0x0000000082900000| Untracked 
|  28|0x0000000082a00000, 0x0000000082a00000, 0x0000000082b00000|  0%| F|  |TAMS 0x0000000082a00000, 0x0000000082a00000| Untracked 
|  29|0x0000000082b00000, 0x0000000082b00000, 0x0000000082c00000|  0%| F|  |TAMS 0x0000000082b00000, 0x0000000082b00000| Untracked 
|  30|0x0000000082c00000, 0x0000000082c00000, 0x0000000082d00000|  0%| F|  |TAMS 0x0000000082c00000, 0x0000000082c00000| Untracked 
|  31|0x0000000082d00000, 0x0000000082d00000, 0x0000000082e00000|  0%| F|  |TAMS 0x0000000082d00000, 0x0000000082d00000| Untracked 
|  32|0x0000000082e00000, 0x0000000082e00000, 0x0000000082f00000|  0%| F|  |TAMS 0x0000000082e00000, 0x0000000082e00000| Untracked 
|  33|0x0000000082f00000, 0x0000000082f00000, 0x0000000083000000|  0%| F|  |TAMS 0x0000000082f00000, 0x0000000082f00000| Untracked 
|  34|0x0000000083000000, 0x0000000083000000, 0x0000000083100000|  0%| F|  |TAMS 0x0000000083000000, 0x0000000083000000| Untracked 
|  35|0x0000000083100000, 0x0000000083100000, 0x0000000083200000|  0%| F|  |TAMS 0x0000000083100000, 0x0000000083100000| Untracked 
|  36|0x0000000083200000, 0x0000000083200000, 0x0000000083300000|  0%| F|  |TAMS 0x0000000083200000, 0x0000000083200000| Untracked 
|  37|0x0000000083300000, 0x0000000083300000, 0x0000000083400000|  0%| F|  |TAMS 0x0000000083300000, 0x0000000083300000| Untracked 
|  38|0x0000000083400000, 0x0000000083400000, 0x0000000083500000|  0%| F|  |TAMS 0x0000000083400000, 0x0000000083400000| Untracked 
|  39|0x0000000083500000, 0x0000000083500000, 0x0000000083600000|  0%| F|  |TAMS 0x0000000083500000, 0x0000000083500000| Untracked 
|  40|0x0000000083600000, 0x0000000083600000, 0x0000000083700000|  0%| F|  |TAMS 0x0000000083600000, 0x0000000083600000| Untracked 
|  41|0x0000000083700000, 0x0000000083700000, 0x0000000083800000|  0%| F|  |TAMS 0x0000000083700000, 0x0000000083700000| Untracked 
|  42|0x0000000083800000, 0x0000000083800000, 0x0000000083900000|  0%| F|  |TAMS 0x0000000083800000, 0x0000000083800000| Untracked 
|  43|0x0000000083900000, 0x0000000083900000, 0x0000000083a00000|  0%| F|  |TAMS 0x0000000083900000, 0x0000000083900000| Untracked 
|  44|0x0000000083a00000, 0x0000000083a00000, 0x0000000083b00000|  0%| F|  |TAMS 0x0000000083a00000, 0x0000000083a00000| Untracked 
|  45|0x0000000083b00000, 0x0000000083b00000, 0x0000000083c00000|  0%| F|  |TAMS 0x0000000083b00000, 0x0000000083b00000| Untracked 
|  46|0x0000000083c00000, 0x0000000083c00000, 0x0000000083d00000|  0%| F|  |TAMS 0x0000000083c00000, 0x0000000083c00000| Untracked 
|  47|0x0000000083d00000, 0x0000000083d00000, 0x0000000083e00000|  0%| F|  |TAMS 0x0000000083d00000, 0x0000000083d00000| Untracked 
|  48|0x0000000083e00000, 0x0000000083e00000, 0x0000000083f00000|  0%| F|  |TAMS 0x0000000083e00000, 0x0000000083e00000| Untracked 
|  49|0x0000000083f00000, 0x0000000083f00000, 0x0000000084000000|  0%| F|  |TAMS 0x0000000083f00000, 0x0000000083f00000| Untracked 
|  50|0x0000000084000000, 0x0000000084000000, 0x0000000084100000|  0%| F|  |TAMS 0x0000000084000000, 0x0000000084000000| Untracked 
|  51|0x0000000084100000, 0x0000000084100000, 0x0000000084200000|  0%| F|  |TAMS 0x0000000084100000, 0x0000000084100000| Untracked 
|  52|0x0000000084200000, 0x0000000084200000, 0x0000000084300000|  0%| F|  |TAMS 0x0000000084200000, 0x0000000084200000| Untracked 
|  53|0x0000000084300000, 0x0000000084300000, 0x0000000084400000|  0%| F|  |TAMS 0x0000000084300000, 0x0000000084300000| Untracked 
|  54|0x0000000084400000, 0x0000000084400000, 0x0000000084500000|  0%| F|  |TAMS 0x0000000084400000, 0x0000000084400000| Untracked 
|  55|0x0000000084500000, 0x0000000084500000, 0x0000000084600000|  0%| F|  |TAMS 0x0000000084500000, 0x0000000084500000| Untracked 
|  56|0x0000000084600000, 0x0000000084600000, 0x0000000084700000|  0%| F|  |TAMS 0x0000000084600000, 0x0000000084600000| Untracked 
|  57|0x0000000084700000, 0x0000000084700000, 0x0000000084800000|  0%| F|  |TAMS 0x0000000084700000, 0x0000000084700000| Untracked 
|  58|0x0000000084800000, 0x0000000084800000, 0x0000000084900000|  0%| F|  |TAMS 0x0000000084800000, 0x0000000084800000| Untracked 
|  59|0x0000000084900000, 0x0000000084900000, 0x0000000084a00000|  0%| F|  |TAMS 0x0000000084900000, 0x0000000084900000| Untracked 
|  60|0x0000000084a00000, 0x0000000084a00000, 0x0000000084b00000|  0%| F|  |TAMS 0x0000000084a00000, 0x0000000084a00000| Untracked 
|  61|0x0000000084b00000, 0x0000000084b00000, 0x0000000084c00000|  0%| F|  |TAMS 0x0000000084b00000, 0x0000000084b00000| Untracked 
|  62|0x0000000084c00000, 0x0000000084c00000, 0x0000000084d00000|  0%| F|  |TAMS 0x0000000084c00000, 0x0000000084c00000| Untracked 
|  63|0x0000000084d00000, 0x0000000084d00000, 0x0000000084e00000|  0%| F|  |TAMS 0x0000000084d00000, 0x0000000084d00000| Untracked 
|  64|0x0000000084e00000, 0x0000000084e00000, 0x0000000084f00000|  0%| F|  |TAMS 0x0000000084e00000, 0x0000000084e00000| Untracked 
|  65|0x0000000084f00000, 0x0000000084f00000, 0x0000000085000000|  0%| F|  |TAMS 0x0000000084f00000, 0x0000000084f00000| Untracked 
|  66|0x0000000085000000, 0x0000000085000000, 0x0000000085100000|  0%| F|  |TAMS 0x0000000085000000, 0x0000000085000000| Untracked 
|  67|0x0000000085100000, 0x0000000085100000, 0x0000000085200000|  0%| F|  |TAMS 0x0000000085100000, 0x0000000085100000| Untracked 
|  68|0x0000000085200000, 0x0000000085200000, 0x0000000085300000|  0%| F|  |TAMS 0x0000000085200000, 0x0000000085200000| Untracked 
|  69|0x0000000085300000, 0x0000000085300000, 0x0000000085400000|  0%| F|  |TAMS 0x0000000085300000, 0x0000000085300000| Untracked 
|  70|0x0000000085400000, 0x0000000085400000, 0x0000000085500000|  0%| F|  |TAMS 0x0000000085400000, 0x0000000085400000| Untracked 
|  71|0x0000000085500000, 0x0000000085500000, 0x0000000085600000|  0%| F|  |TAMS 0x0000000085500000, 0x0000000085500000| Untracked 
|  72|0x0000000085600000, 0x0000000085600000, 0x0000000085700000|  0%| F|  |TAMS 0x0000000085600000, 0x0000000085600000| Untracked 
|  73|0x0000000085700000, 0x0000000085700000, 0x0000000085800000|  0%| F|  |TAMS 0x0000000085700000, 0x0000000085700000| Untracked 
|  74|0x0000000085800000, 0x0000000085800000, 0x0000000085900000|  0%| F|  |TAMS 0x0000000085800000, 0x0000000085800000| Untracked 
|  75|0x0000000085900000, 0x0000000085900000, 0x0000000085a00000|  0%| F|  |TAMS 0x0000000085900000, 0x0000000085900000| Untracked 
|  76|0x0000000085a00000, 0x0000000085a00000, 0x0000000085b00000|  0%| F|  |TAMS 0x0000000085a00000, 0x0000000085a00000| Untracked 
|  77|0x0000000085b00000, 0x0000000085b00000, 0x0000000085c00000|  0%| F|  |TAMS 0x0000000085b00000, 0x0000000085b00000| Untracked 
|  78|0x0000000085c00000, 0x0000000085c00000, 0x0000000085d00000|  0%| F|  |TAMS 0x0000000085c00000, 0x0000000085c00000| Untracked 
|  79|0x0000000085d00000, 0x0000000085d00000, 0x0000000085e00000|  0%| F|  |TAMS 0x0000000085d00000, 0x0000000085d00000| Untracked 
|  80|0x0000000085e00000, 0x0000000085e00000, 0x0000000085f00000|  0%| F|  |TAMS 0x0000000085e00000, 0x0000000085e00000| Untracked 
|  81|0x0000000085f00000, 0x0000000085f00000, 0x0000000086000000|  0%| F|  |TAMS 0x0000000085f00000, 0x0000000085f00000| Untracked 
|  82|0x0000000086000000, 0x0000000086000000, 0x0000000086100000|  0%| F|  |TAMS 0x0000000086000000, 0x0000000086000000| Untracked 
|  83|0x0000000086100000, 0x0000000086100000, 0x0000000086200000|  0%| F|  |TAMS 0x0000000086100000, 0x0000000086100000| Untracked 
|  84|0x0000000086200000, 0x0000000086200000, 0x0000000086300000|  0%| F|  |TAMS 0x0000000086200000, 0x0000000086200000| Untracked 
|  85|0x0000000086300000, 0x0000000086300000, 0x0000000086400000|  0%| F|  |TAMS 0x0000000086300000, 0x0000000086300000| Untracked 
|  86|0x0000000086400000, 0x0000000086400000, 0x0000000086500000|  0%| F|  |TAMS 0x0000000086400000, 0x0000000086400000| Untracked 
|  87|0x0000000086500000, 0x0000000086500000, 0x0000000086600000|  0%| F|  |TAMS 0x0000000086500000, 0x0000000086500000| Untracked 
|  88|0x0000000086600000, 0x0000000086600000, 0x0000000086700000|  0%| F|  |TAMS 0x0000000086600000, 0x0000000086600000| Untracked 
|  89|0x0000000086700000, 0x0000000086700000, 0x0000000086800000|  0%| F|  |TAMS 0x0000000086700000, 0x0000000086700000| Untracked 
|  90|0x0000000086800000, 0x0000000086800000, 0x0000000086900000|  0%| F|  |TAMS 0x0000000086800000, 0x0000000086800000| Untracked 
|  91|0x0000000086900000, 0x0000000086900000, 0x0000000086a00000|  0%| F|  |TAMS 0x0000000086900000, 0x0000000086900000| Untracked 
|  92|0x0000000086a00000, 0x0000000086a00000, 0x0000000086b00000|  0%| F|  |TAMS 0x0000000086a00000, 0x0000000086a00000| Untracked 
|  93|0x0000000086b00000, 0x0000000086b00000, 0x0000000086c00000|  0%| F|  |TAMS 0x0000000086b00000, 0x0000000086b00000| Untracked 
|  94|0x0000000086c00000, 0x0000000086c00000, 0x0000000086d00000|  0%| F|  |TAMS 0x0000000086c00000, 0x0000000086c00000| Untracked 
|  95|0x0000000086d00000, 0x0000000086d00000, 0x0000000086e00000|  0%| F|  |TAMS 0x0000000086d00000, 0x0000000086d00000| Untracked 
|  96|0x0000000086e00000, 0x0000000086e00000, 0x0000000086f00000|  0%| F|  |TAMS 0x0000000086e00000, 0x0000000086e00000| Untracked 
|  97|0x0000000086f00000, 0x0000000086f00000, 0x0000000087000000|  0%| F|  |TAMS 0x0000000086f00000, 0x0000000086f00000| Untracked 
|  98|0x0000000087000000, 0x0000000087000000, 0x0000000087100000|  0%| F|  |TAMS 0x0000000087000000, 0x0000000087000000| Untracked 
|  99|0x0000000087100000, 0x0000000087100000, 0x0000000087200000|  0%| F|  |TAMS 0x0000000087100000, 0x0000000087100000| Untracked 
| 100|0x0000000087200000, 0x0000000087200000, 0x0000000087300000|  0%| F|  |TAMS 0x0000000087200000, 0x0000000087200000| Untracked 
| 101|0x0000000087300000, 0x0000000087300000, 0x0000000087400000|  0%| F|  |TAMS 0x0000000087300000, 0x0000000087300000| Untracked 
| 102|0x0000000087400000, 0x0000000087400000, 0x0000000087500000|  0%| F|  |TAMS 0x0000000087400000, 0x0000000087400000| Untracked 
| 103|0x0000000087500000, 0x0000000087500000, 0x0000000087600000|  0%| F|  |TAMS 0x0000000087500000, 0x0000000087500000| Untracked 
| 104|0x0000000087600000, 0x0000000087600000, 0x0000000087700000|  0%| F|  |TAMS 0x0000000087600000, 0x0000000087600000| Untracked 
| 105|0x0000000087700000, 0x0000000087700000, 0x0000000087800000|  0%| F|  |TAMS 0x0000000087700000, 0x0000000087700000| Untracked 
| 106|0x0000000087800000, 0x0000000087800000, 0x0000000087900000|  0%| F|  |TAMS 0x0000000087800000, 0x0000000087800000| Untracked 
| 107|0x0000000087900000, 0x0000000087900000, 0x0000000087a00000|  0%| F|  |TAMS 0x0000000087900000, 0x0000000087900000| Untracked 
| 108|0x0000000087a00000, 0x0000000087a00000, 0x0000000087b00000|  0%| F|  |TAMS 0x0000000087a00000, 0x0000000087a00000| Untracked 
| 109|0x0000000087b00000, 0x0000000087b00000, 0x0000000087c00000|  0%| F|  |TAMS 0x0000000087b00000, 0x0000000087b00000| Untracked 
| 110|0x0000000087c00000, 0x0000000087c00000, 0x0000000087d00000|  0%| F|  |TAMS 0x0000000087c00000, 0x0000000087c00000| Untracked 
| 111|0x0000000087d00000, 0x0000000087d00000, 0x0000000087e00000|  0%| F|  |TAMS 0x0000000087d00000, 0x0000000087d00000| Untracked 
| 112|0x0000000087e00000, 0x0000000087e00000, 0x0000000087f00000|  0%| F|  |TAMS 0x0000000087e00000, 0x0000000087e00000| Untracked 
| 113|0x0000000087f00000, 0x0000000087f00000, 0x0000000088000000|  0%| F|  |TAMS 0x0000000087f00000, 0x0000000087f00000| Untracked 
| 114|0x0000000088000000, 0x0000000088000000, 0x0000000088100000|  0%| F|  |TAMS 0x0000000088000000, 0x0000000088000000| Untracked 
| 115|0x0000000088100000, 0x0000000088100000, 0x0000000088200000|  0%| F|  |TAMS 0x0000000088100000, 0x0000000088100000| Untracked 
| 116|0x0000000088200000, 0x0000000088200000, 0x0000000088300000|  0%| F|  |TAMS 0x0000000088200000, 0x0000000088200000| Untracked 
| 117|0x0000000088300000, 0x0000000088300000, 0x0000000088400000|  0%| F|  |TAMS 0x0000000088300000, 0x0000000088300000| Untracked 
| 118|0x0000000088400000, 0x0000000088400000, 0x0000000088500000|  0%| F|  |TAMS 0x0000000088400000, 0x0000000088400000| Untracked 
| 119|0x0000000088500000, 0x0000000088500000, 0x0000000088600000|  0%| F|  |TAMS 0x0000000088500000, 0x0000000088500000| Untracked 
| 120|0x0000000088600000, 0x0000000088600000, 0x0000000088700000|  0%| F|  |TAMS 0x0000000088600000, 0x0000000088600000| Untracked 
| 121|0x0000000088700000, 0x0000000088700000, 0x0000000088800000|  0%| F|  |TAMS 0x0000000088700000, 0x0000000088700000| Untracked 
| 122|0x0000000088800000, 0x0000000088800810, 0x0000000088900000|  0%| S|CS|TAMS 0x0000000088800000, 0x0000000088800000| Complete 
| 123|0x0000000088900000, 0x0000000088900000, 0x0000000088a00000|  0%| F|  |TAMS 0x0000000088900000, 0x0000000088900000| Untracked 
| 124|0x0000000088a00000, 0x0000000088a00000, 0x0000000088b00000|  0%| F|  |TAMS 0x0000000088a00000, 0x0000000088a00000| Untracked 
| 125|0x0000000088b00000, 0x0000000088b00000, 0x0000000088c00000|  0%| F|  |TAMS 0x0000000088b00000, 0x0000000088b00000| Untracked 
| 126|0x0000000088c00000, 0x0000000088c00000, 0x0000000088d00000|  0%| F|  |TAMS 0x0000000088c00000, 0x0000000088c00000| Untracked 
| 127|0x0000000088d00000, 0x0000000088d00000, 0x0000000088e00000|  0%| F|  |TAMS 0x0000000088d00000, 0x0000000088d00000| Untracked 

Card table byte_map: [0x00000269cc380000,0x00000269cc780000] _byte_map_base: 0x00000269cbf79000

Marking Bits (Prev, Next): (CMBitMap*) 0x00000269b99151c0, (CMBitMap*) 0x00000269b9915200
 Prev Bits: [0x00000269ccb80000, 0x00000269ceb48000)
 Next Bits: [0x00000269ceb50000, 0x00000269d0b18000)

Polling page: 0x00000269b7760000

Metaspace:

Usage:
  Non-class:      9.26 MB used.
      Class:    911.28 KB used.
       Both:     10.15 MB used.

Virtual space:
  Non-class space:       64.00 MB reserved,       9.31 MB ( 15%) committed,  1 nodes.
      Class space:        1.00 GB reserved,     960.00 KB ( <1%) committed,  1 nodes.
             Both:        1.06 GB reserved,      10.25 MB ( <1%) committed. 

Chunk freelists:
   Non-Class:  6.70 MB
       Class:  14.97 MB
        Both:  21.67 MB

MaxMetaspaceSize: unlimited
CompressedClassSpaceSize: 1.00 GB
Initial GC threshold: 21.00 MB
Current GC threshold: 21.00 MB
CDS: off
MetaspaceReclaimPolicy: balanced
 - commit_granule_bytes: 65536.
 - commit_granule_words: 8192.
 - virtual_space_node_default_size: 8388608.
 - enlarge_chunks_in_place: 1.
 - new_chunks_are_fully_committed: 0.
 - uncommit_free_chunks: 1.
 - use_allocation_guard: 0.
 - handle_deallocations: 1.


Internal statistics:

num_allocs_failed_limit: 0.
num_arena_births: 12.
num_arena_deaths: 0.
num_vsnodes_births: 2.
num_vsnodes_deaths: 0.
num_space_committed: 164.
num_space_uncommitted: 0.
num_chunks_returned_to_freelist: 0.
num_chunks_taken_from_freelist: 50.
num_chunk_merges: 0.
num_chunk_splits: 27.
num_chunks_enlarged: 19.
num_inconsistent_stats: 0.

CodeHeap 'non-profiled nmethods': size=120000Kb used=211Kb max_used=211Kb free=119789Kb
 bounds [0x00000269c4a50000, 0x00000269c4cc0000, 0x00000269cbf80000]
CodeHeap 'profiled nmethods': size=120000Kb used=795Kb max_used=795Kb free=119204Kb
 bounds [0x00000269bcf80000, 0x00000269bd1f0000, 0x00000269c44b0000]
CodeHeap 'non-nmethods': size=5760Kb used=1211Kb max_used=1241Kb free=4548Kb
 bounds [0x00000269c44b0000, 0x00000269c4720000, 0x00000269c4a50000]
 total_blobs=965 nmethods=533 adapters=345
 compilation: enabled
              stopped_count=0, restarted_count=0
 full_count=0

Compilation events (20 events):
Event: 5.214 Thread 0x00000269d319afe0 nmethod 523 0x00000269c4a7c990 code [0x00000269c4a7cb60, 0x00000269c4a7d178]
Event: 5.214 Thread 0x00000269d319afe0  508       4       java.util.stream.ReduceOps$CountingSink::begin (6 bytes)
Event: 5.214 Thread 0x00000269d319afe0 nmethod 508 0x00000269c4a7d710 code [0x00000269c4a7d880, 0x00000269c4a7d8f8]
Event: 5.215 Thread 0x00000269d82e1720 nmethod 526 0x00000269c4a7da10 code [0x00000269c4a7dba0, 0x00000269c4a7dd58]
Event: 5.457 Thread 0x00000269d82e1720  527 %     4       campoMinado.Tabuleiro::sortearMinas @ 43 (157 bytes)
Event: 5.774 Thread 0x00000269d82e1720 nmethod 527% 0x00000269c4a7de90 code [0x00000269c4a7e0c0, 0x00000269c4a7f2c8]
Event: 5.774 Thread 0x00000269d319afe0  528       4       java.lang.invoke.Invokers$Holder::linkToTargetMethod (8 bytes)
Event: 5.774 Thread 0x00000269d82e1720  529       4       java.lang.invoke.LambdaForm$MH/0x0000000100000400::invoke (8 bytes)
Event: 5.775 Thread 0x00000269d82e1720 nmethod 529 0x00000269c4a7fe10 code [0x00000269c4a7ff80, 0x00000269c4a80018]
Event: 5.775 Thread 0x00000269d319afe0 nmethod 528 0x00000269c4a80110 code [0x00000269c4a802a0, 0x00000269c4a80358]
Event: 116.633 Thread 0x00000269d3204200  530       3       org.eclipse.jdt.launching.internal.org.objectweb.asm.ByteVector::putShort (52 bytes)
Event: 116.633 Thread 0x00000269d3204200 nmethod 530 0x00000269bd044510 code [0x00000269bd0446c0, 0x00000269bd0448c8]
Event: 488.627 Thread 0x00000269d319afe0  531       4       java.util.stream.ReferencePipeline::count (14 bytes)
Event: 488.681 Thread 0x00000269d3204200  532 %     3       campoMinado.Tabuleiro::sortearMinas @ 43 (157 bytes)
Event: 488.729 Thread 0x00000269d319afe0 nmethod 531 0x00000269c4a80490 code [0x00000269c4a80620, 0x00000269c4a80748]
Event: 488.729 Thread 0x00000269d3204200 nmethod 532% 0x00000269bd044a10 code [0x00000269bd044d80, 0x00000269bd046708]
Event: 489.056 Thread 0x00000269d319afe0  533 %     4       campoMinado.Tabuleiro::sortearMinas @ 43 (157 bytes)
Event: 489.183 Thread 0x00000269d319afe0 nmethod 533% 0x00000269c4a80890 code [0x00000269c4a80ac0, 0x00000269c4a81e88]
Event: 489.443 Thread 0x00000269d319afe0  534 %     4       campoMinado.Tabuleiro::sortearMinas @ 11 (157 bytes)
Event: 489.683 Thread 0x00000269d319afe0 nmethod 534% 0x00000269c4a82a90 code [0x00000269c4a82cc0, 0x00000269c4a83e48]

GC Heap History (20 events):
Event: 4745.323 GC heap after
{Heap after GC invocations=12214 (full 0):
 garbage-first heap   total 131072K, used 1435K [0x0000000080e00000, 0x0000000100000000)
  region size 1024K, 1 young (1024K), 1 survivors (1024K)
 Metaspace       used 10392K, committed 10496K, reserved 1114112K
  class space    used 911K, committed 960K, reserved 1048576K
}
Event: 4745.448 GC heap before
{Heap before GC invocations=12214 (full 0):
 garbage-first heap   total 131072K, used 78235K [0x0000000080e00000, 0x0000000100000000)
  region size 1024K, 76 young (77824K), 1 survivors (1024K)
 Metaspace       used 10392K, committed 10496K, reserved 1114112K
  class space    used 911K, committed 960K, reserved 1048576K
}
Event: 4745.448 GC heap after
{Heap after GC invocations=12215 (full 0):
 garbage-first heap   total 131072K, used 1437K [0x0000000080e00000, 0x0000000100000000)
  region size 1024K, 1 young (1024K), 1 survivors (1024K)
 Metaspace       used 10392K, committed 10496K, reserved 1114112K
  class space    used 911K, committed 960K, reserved 1048576K
}
Event: 4745.760 GC heap before
{Heap before GC invocations=12215 (full 0):
 garbage-first heap   total 131072K, used 78237K [0x0000000080e00000, 0x0000000100000000)
  region size 1024K, 76 young (77824K), 1 survivors (1024K)
 Metaspace       used 10392K, committed 10496K, reserved 1114112K
  class space    used 911K, committed 960K, reserved 1048576K
}
Event: 4745.760 GC heap after
{Heap after GC invocations=12216 (full 0):
 garbage-first heap   total 131072K, used 1435K [0x0000000080e00000, 0x0000000100000000)
  region size 1024K, 1 young (1024K), 1 survivors (1024K)
 Metaspace       used 10392K, committed 10496K, reserved 1114112K
  class space    used 911K, committed 960K, reserved 1048576K
}
Event: 4745.910 GC heap before
{Heap before GC invocations=12216 (full 0):
 garbage-first heap   total 131072K, used 78235K [0x0000000080e00000, 0x0000000100000000)
  region size 1024K, 76 young (77824K), 1 survivors (1024K)
 Metaspace       used 10392K, committed 10496K, reserved 1114112K
  class space    used 911K, committed 960K, reserved 1048576K
}
Event: 4745.911 GC heap after
{Heap after GC invocations=12217 (full 0):
 garbage-first heap   total 131072K, used 1437K [0x0000000080e00000, 0x0000000100000000)
  region size 1024K, 1 young (1024K), 1 survivors (1024K)
 Metaspace       used 10392K, committed 10496K, reserved 1114112K
  class space    used 911K, committed 960K, reserved 1048576K
}
Event: 4745.990 GC heap before
{Heap before GC invocations=12217 (full 0):
 garbage-first heap   total 131072K, used 78237K [0x0000000080e00000, 0x0000000100000000)
  region size 1024K, 76 young (77824K), 1 survivors (1024K)
 Metaspace       used 10392K, committed 10496K, reserved 1114112K
  class space    used 911K, committed 960K, reserved 1048576K
}
Event: 4745.991 GC heap after
{Heap after GC invocations=12218 (full 0):
 garbage-first heap   total 131072K, used 1435K [0x0000000080e00000, 0x0000000100000000)
  region size 1024K, 1 young (1024K), 1 survivors (1024K)
 Metaspace       used 10392K, committed 10496K, reserved 1114112K
  class space    used 911K, committed 960K, reserved 1048576K
}
Event: 4746.157 GC heap before
{Heap before GC invocations=12218 (full 0):
 garbage-first heap   total 131072K, used 78235K [0x0000000080e00000, 0x0000000100000000)
  region size 1024K, 76 young (77824K), 1 survivors (1024K)
 Metaspace       used 10392K, committed 10496K, reserved 1114112K
  class space    used 911K, committed 960K, reserved 1048576K
}
Event: 4746.157 GC heap after
{Heap after GC invocations=12219 (full 0):
 garbage-first heap   total 131072K, used 1437K [0x0000000080e00000, 0x0000000100000000)
  region size 1024K, 1 young (1024K), 1 survivors (1024K)
 Metaspace       used 10392K, committed 10496K, reserved 1114112K
  class space    used 911K, committed 960K, reserved 1048576K
}
Event: 4746.355 GC heap before
{Heap before GC invocations=12219 (full 0):
 garbage-first heap   total 131072K, used 78237K [0x0000000080e00000, 0x0000000100000000)
  region size 1024K, 76 young (77824K), 1 survivors (1024K)
 Metaspace       used 10392K, committed 10496K, reserved 1114112K
  class space    used 911K, committed 960K, reserved 1048576K
}
Event: 4746.357 GC heap after
{Heap after GC invocations=12220 (full 0):
 garbage-first heap   total 131072K, used 1437K [0x0000000080e00000, 0x0000000100000000)
  region size 1024K, 1 young (1024K), 1 survivors (1024K)
 Metaspace       used 10392K, committed 10496K, reserved 1114112K
  class space    used 911K, committed 960K, reserved 1048576K
}
Event: 4749.108 GC heap before
{Heap before GC invocations=12220 (full 0):
 garbage-first heap   total 131072K, used 78237K [0x0000000080e00000, 0x0000000100000000)
  region size 1024K, 76 young (77824K), 1 survivors (1024K)
 Metaspace       used 10392K, committed 10496K, reserved 1114112K
  class space    used 911K, committed 960K, reserved 1048576K
}
Event: 4791.359 GC heap after
{Heap after GC invocations=12221 (full 0):
 garbage-first heap   total 131072K, used 1437K [0x0000000080e00000, 0x0000000100000000)
  region size 1024K, 1 young (1024K), 1 survivors (1024K)
 Metaspace       used 10392K, committed 10496K, reserved 1114112K
  class space    used 911K, committed 960K, reserved 1048576K
}
Event: 4822.681 GC heap before
{Heap before GC invocations=12221 (full 0):
 garbage-first heap   total 131072K, used 6557K [0x0000000080e00000, 0x0000000100000000)
  region size 1024K, 6 young (6144K), 1 survivors (1024K)
 Metaspace       used 10392K, committed 10496K, reserved 1114112K
  class space    used 911K, committed 960K, reserved 1048576K
}
Event: 4917.844 GC heap after
{Heap after GC invocations=12222 (full 0):
 garbage-first heap   total 131072K, used 1435K [0x0000000080e00000, 0x0000000100000000)
  region size 1024K, 1 young (1024K), 1 survivors (1024K)
 Metaspace       used 10392K, committed 10496K, reserved 1114112K
  class space    used 911K, committed 960K, reserved 1048576K
}
Event: 4964.925 GC heap before
{Heap before GC invocations=12222 (full 0):
 garbage-first heap   total 131072K, used 6555K [0x0000000080e00000, 0x0000000100000000)
  region size 1024K, 6 young (6144K), 1 survivors (1024K)
 Metaspace       used 10392K, committed 10496K, reserved 1114112K
  class space    used 911K, committed 960K, reserved 1048576K
}
Event: 5262.312 GC heap after
{Heap after GC invocations=12223 (full 0):
 garbage-first heap   total 131072K, used 1435K [0x0000000080e00000, 0x0000000100000000)
  region size 1024K, 1 young (1024K), 1 survivors (1024K)
 Metaspace       used 10392K, committed 10496K, reserved 1114112K
  class space    used 911K, committed 960K, reserved 1048576K
}
Event: 5273.516 GC heap before
{Heap before GC invocations=12223 (full 0):
 garbage-first heap   total 131072K, used 6555K [0x0000000080e00000, 0x0000000100000000)
  region size 1024K, 6 young (6144K), 1 survivors (1024K)
 Metaspace       used 10392K, committed 10496K, reserved 1114112K
  class space    used 911K, committed 960K, reserved 1048576K
}

Dll operation events (8 events):
Event: 0.017 Loaded shared library C:\Users\Filipe\.p2\pool\plugins\org.eclipse.justj.openjdk.hotspot.jre.full.win32.x86_64_17.0.7.v20230425-1502\jre\bin\java.dll
Event: 2.047 Loaded shared library C:\Users\Filipe\.p2\pool\plugins\org.eclipse.justj.openjdk.hotspot.jre.full.win32.x86_64_17.0.7.v20230425-1502\jre\bin\net.dll
Event: 2.049 Loaded shared library C:\Users\Filipe\.p2\pool\plugins\org.eclipse.justj.openjdk.hotspot.jre.full.win32.x86_64_17.0.7.v20230425-1502\jre\bin\nio.dll
Event: 3.208 Loaded shared library C:\Users\Filipe\.p2\pool\plugins\org.eclipse.justj.openjdk.hotspot.jre.full.win32.x86_64_17.0.7.v20230425-1502\jre\bin\zip.dll
Event: 3.213 Loaded shared library C:\Users\Filipe\.p2\pool\plugins\org.eclipse.justj.openjdk.hotspot.jre.full.win32.x86_64_17.0.7.v20230425-1502\jre\bin\instrument.dll
Event: 3.222 Loaded shared library C:\Users\Filipe\.p2\pool\plugins\org.eclipse.justj.openjdk.hotspot.jre.full.win32.x86_64_17.0.7.v20230425-1502\jre\bin\zip.dll
Event: 4.171 Loaded shared library C:\Users\Filipe\.p2\pool\plugins\org.eclipse.justj.openjdk.hotspot.jre.full.win32.x86_64_17.0.7.v20230425-1502\jre\bin\jimage.dll
Event: 4.789 Loaded shared library C:\Users\Filipe\.p2\pool\plugins\org.eclipse.justj.openjdk.hotspot.jre.full.win32.x86_64_17.0.7.v20230425-1502\jre\bin\verify.dll

Deoptimization events (20 events):
Event: 4.805 Thread 0x00000269b98bbe90 DEOPT PACKING pc=0x00000269bd00b12c sp=0x000000d19f2f8690
Event: 4.805 Thread 0x00000269b98bbe90 DEOPT UNPACKING pc=0x00000269c4507143 sp=0x000000d19f2f7af8 mode 0
Event: 4.805 Thread 0x00000269b98bbe90 DEOPT PACKING pc=0x00000269bd00b12c sp=0x000000d19f2f8690
Event: 4.805 Thread 0x00000269b98bbe90 DEOPT UNPACKING pc=0x00000269c4507143 sp=0x000000d19f2f7af8 mode 0
Event: 4.809 Thread 0x00000269b98bbe90 DEOPT PACKING pc=0x00000269bd00b12c sp=0x000000d19f2f8690
Event: 4.809 Thread 0x00000269b98bbe90 DEOPT UNPACKING pc=0x00000269c4507143 sp=0x000000d19f2f7af8 mode 0
Event: 4.810 Thread 0x00000269b98bbe90 DEOPT PACKING pc=0x00000269bd00b12c sp=0x000000d19f2f8690
Event: 4.810 Thread 0x00000269b98bbe90 DEOPT UNPACKING pc=0x00000269c4507143 sp=0x000000d19f2f7af8 mode 0
Event: 4.811 Thread 0x00000269b98bbe90 DEOPT PACKING pc=0x00000269bd00b12c sp=0x000000d19f2fc100
Event: 4.811 Thread 0x00000269b98bbe90 DEOPT UNPACKING pc=0x00000269c4507143 sp=0x000000d19f2fb568 mode 0
Event: 4.812 Thread 0x00000269b98bbe90 DEOPT PACKING pc=0x00000269bd00b12c sp=0x000000d19f2fc100
Event: 4.812 Thread 0x00000269b98bbe90 DEOPT UNPACKING pc=0x00000269c4507143 sp=0x000000d19f2fb568 mode 0
Event: 5.774 Thread 0x00000269b98bbe90 DEOPT PACKING pc=0x00000269bd0417ad sp=0x000000d19f2feec0
Event: 5.774 Thread 0x00000269b98bbe90 DEOPT UNPACKING pc=0x00000269c4507143 sp=0x000000d19f2fe428 mode 0
Event: 488.232 Thread 0x00000269b98bbe90 Uncommon trap: trap_request=0xffffff45 fr.pc=0x00000269c4a7f0f4 relative=0x0000000000001034
Event: 488.257 Thread 0x00000269b98bbe90 Uncommon trap: reason=unstable_if action=reinterpret pc=0x00000269c4a7f0f4 method=java.util.Random.nextInt(I)I @ 58 c2
Event: 488.257 Thread 0x00000269b98bbe90 DEOPT PACKING pc=0x00000269c4a7f0f4 sp=0x000000d19f2fef30
Event: 488.288 Thread 0x00000269b98bbe90 DEOPT UNPACKING pc=0x00000269c45069a3 sp=0x000000d19f2feeb8 mode 2
Event: 489.449 Thread 0x00000269b98bbe90 DEOPT PACKING pc=0x00000269bd04642d sp=0x000000d19f2feec0
Event: 489.449 Thread 0x00000269b98bbe90 DEOPT UNPACKING pc=0x00000269c4507143 sp=0x000000d19f2fe428 mode 0

Classes unloaded (0 events):
No events

Classes redefined (2 events):
Event: 116.745 Thread 0x00000269d2ffaf20 redefined class name=campoMinado.temp, count=1
Event: 127.903 Thread 0x00000269d2ffaf20 redefined class name=campoMinado.temp, count=2

Internal exceptions (1 events):
Event: 2.063 Thread 0x00000269b98bbe90 Exception <a 'java/lang/NoSuchMethodError'{0x0000000088c27680}: 'void java.lang.invoke.DirectMethodHandle$Holder.invokeVirtual(java.lang.Object, java.lang.Object)'> (0x0000000088c27680) 
thrown [s\src\hotspot\share\interpreter\linkResolver.cpp, line 759]

VM Operations (20 events):
Event: 4745.323 Executing VM operation: G1CollectForAllocation done
Event: 4745.448 Executing VM operation: G1CollectForAllocation
Event: 4745.448 Executing VM operation: G1CollectForAllocation done
Event: 4745.750 Executing VM operation: G1CollectForAllocation
Event: 4745.760 Executing VM operation: G1CollectForAllocation done
Event: 4745.910 Executing VM operation: G1CollectForAllocation
Event: 4745.911 Executing VM operation: G1CollectForAllocation done
Event: 4745.990 Executing VM operation: G1CollectForAllocation
Event: 4745.991 Executing VM operation: G1CollectForAllocation done
Event: 4746.157 Executing VM operation: G1CollectForAllocation
Event: 4746.157 Executing VM operation: G1CollectForAllocation done
Event: 4746.355 Executing VM operation: G1CollectForAllocation
Event: 4746.357 Executing VM operation: G1CollectForAllocation done
Event: 4747.691 Executing VM operation: G1CollectForAllocation
Event: 4807.742 Executing VM operation: G1CollectForAllocation done
Event: 4818.697 Executing VM operation: G1CollectForAllocation
Event: 4940.064 Executing VM operation: G1CollectForAllocation done
Event: 4955.097 Executing VM operation: G1CollectForAllocation
Event: 5268.295 Executing VM operation: G1CollectForAllocation done
Event: 5270.723 Executing VM operation: G1CollectForAllocation

Events (20 events):
Event: 5.109 loading class java/lang/WeakPairMap$WeakRefPeer done
Event: 5.109 loading class java/lang/WeakPairMap$Pair$Weak done
Event: 5.109 loading class java/lang/WeakPairMap$Pair$Weak$1
Event: 5.109 loading class java/lang/WeakPairMap$Pair$Weak$1 done
Event: 5.151 loading class java/util/Random
Event: 5.151 loading class java/util/random/RandomGenerator
Event: 5.151 loading class java/util/random/RandomGenerator done
Event: 5.151 loading class java/util/Random done
Event: 5.152 loading class java/util/ArrayList$ArrayListSpliterator
Event: 5.152 loading class java/util/ArrayList$ArrayListSpliterator done
Event: 5.152 loading class java/util/stream/ReduceOps$5
Event: 5.152 loading class java/util/stream/ReduceOps$5 done
Event: 5.152 loading class java/util/stream/ReduceOps$CountingSink$OfRef
Event: 5.153 loading class java/util/stream/ReduceOps$CountingSink
Event: 5.153 loading class java/util/stream/ReduceOps$CountingSink done
Event: 5.153 loading class java/util/stream/ReduceOps$CountingSink$OfRef done
Event: 5.153 loading class java/lang/Long$LongCache
Event: 5.153 loading class java/lang/Long$LongCache done
Event: 5.172 Thread 0x00000269d82e1720 Thread added: 0x00000269d82e1720
Event: 10.776 Thread 0x00000269d82e1720 Thread exited: 0x00000269d82e1720


Dynamic libraries:
0x00007ff7e7c70000 - 0x00007ff7e7c7e000 	C:\Users\Filipe\.p2\pool\plugins\org.eclipse.justj.openjdk.hotspot.jre.full.win32.x86_64_17.0.7.v20230425-1502\jre\bin\javaw.exe
0x00007ffedb0f0000 - 0x00007ffedb2e8000 	C:\WINDOWS\SYSTEM32\ntdll.dll
0x00007ffed95e0000 - 0x00007ffed969d000 	C:\WINDOWS\System32\KERNEL32.DLL
0x00007ffed8ad0000 - 0x00007ffed8dc6000 	C:\WINDOWS\System32\KERNELBASE.dll
0x00007ffed8dd0000 - 0x00007ffed8ed0000 	C:\WINDOWS\System32\ucrtbase.dll
0x00007ffec9f50000 - 0x00007ffec9f67000 	C:\Users\Filipe\.p2\pool\plugins\org.eclipse.justj.openjdk.hotspot.jre.full.win32.x86_64_17.0.7.v20230425-1502\jre\bin\jli.dll
0x00007ffed9420000 - 0x00007ffed95be000 	C:\WINDOWS\System32\USER32.dll
0x00007ffed8a50000 - 0x00007ffed8a72000 	C:\WINDOWS\System32\win32u.dll
0x00007ffed93e0000 - 0x00007ffed940c000 	C:\WINDOWS\System32\GDI32.dll
0x00007ffed87d0000 - 0x00007ffed88ea000 	C:\WINDOWS\System32\gdi32full.dll
0x00007ffed8fb0000 - 0x00007ffed904d000 	C:\WINDOWS\System32\msvcp_win.dll
0x00007ffed5ef0000 - 0x00007ffed5f09000 	C:\Users\Filipe\.p2\pool\plugins\org.eclipse.justj.openjdk.hotspot.jre.full.win32.x86_64_17.0.7.v20230425-1502\jre\bin\VCRUNTIME140.dll
0x00007ffec8b20000 - 0x00007ffec8dba000 	C:\WINDOWS\WinSxS\amd64_microsoft.windows.common-controls_6595b64144ccf1df_6.0.19041.1110_none_60b5254171f9507e\COMCTL32.dll
0x00007ffedb010000 - 0x00007ffedb0ae000 	C:\WINDOWS\System32\msvcrt.dll
0x00007ffeda8f0000 - 0x00007ffeda920000 	C:\WINDOWS\System32\IMM32.DLL
0x00007ffed5ee0000 - 0x00007ffed5eec000 	C:\Users\Filipe\.p2\pool\plugins\org.eclipse.justj.openjdk.hotspot.jre.full.win32.x86_64_17.0.7.v20230425-1502\jre\bin\vcruntime140_1.dll
0x00007ffec2b50000 - 0x00007ffec2be1000 	C:\Users\Filipe\.p2\pool\plugins\org.eclipse.justj.openjdk.hotspot.jre.full.win32.x86_64_17.0.7.v20230425-1502\jre\bin\msvcp140.dll
0x00007ffe757a0000 - 0x00007ffe763e8000 	C:\Users\Filipe\.p2\pool\plugins\org.eclipse.justj.openjdk.hotspot.jre.full.win32.x86_64_17.0.7.v20230425-1502\jre\bin\server\jvm.dll
0x00007ffed9150000 - 0x00007ffed91fe000 	C:\WINDOWS\System32\ADVAPI32.dll
0x00007ffed9200000 - 0x00007ffed929c000 	C:\WINDOWS\System32\sechost.dll
0x00007ffeda250000 - 0x00007ffeda376000 	C:\WINDOWS\System32\RPCRT4.dll
0x00007ffec2e90000 - 0x00007ffec2e99000 	C:\WINDOWS\SYSTEM32\WSOCK32.dll
0x00007ffed9e60000 - 0x00007ffed9ecb000 	C:\WINDOWS\System32\WS2_32.dll
0x00007ffecde80000 - 0x00007ffecdea7000 	C:\WINDOWS\SYSTEM32\WINMM.dll
0x00007ffed1ff0000 - 0x00007ffed1ffa000 	C:\WINDOWS\SYSTEM32\VERSION.dll
0x00007ffed6570000 - 0x00007ffed6582000 	C:\WINDOWS\SYSTEM32\kernel.appcore.dll
0x00007ffec6a60000 - 0x00007ffec6a6a000 	C:\Users\Filipe\.p2\pool\plugins\org.eclipse.justj.openjdk.hotspot.jre.full.win32.x86_64_17.0.7.v20230425-1502\jre\bin\jimage.dll
0x00007ffeca120000 - 0x00007ffeca304000 	C:\WINDOWS\SYSTEM32\DBGHELP.DLL
0x00007ffec3c60000 - 0x00007ffec3c94000 	C:\WINDOWS\SYSTEM32\dbgcore.DLL
0x00007ffed9050000 - 0x00007ffed90d2000 	C:\WINDOWS\System32\bcryptPrimitives.dll
0x00007ffebded0000 - 0x00007ffebdf0b000 	C:\Users\Filipe\.p2\pool\plugins\org.eclipse.justj.openjdk.hotspot.jre.full.win32.x86_64_17.0.7.v20230425-1502\jre\bin\jdwp.dll
0x00007ffecb830000 - 0x00007ffecb83e000 	C:\Users\Filipe\.p2\pool\plugins\org.eclipse.justj.openjdk.hotspot.jre.full.win32.x86_64_17.0.7.v20230425-1502\jre\bin\instrument.dll
0x00007ffec3100000 - 0x00007ffec3125000 	C:\Users\Filipe\.p2\pool\plugins\org.eclipse.justj.openjdk.hotspot.jre.full.win32.x86_64_17.0.7.v20230425-1502\jre\bin\java.dll
0x00007ffebb890000 - 0x00007ffebb8a8000 	C:\Users\Filipe\.p2\pool\plugins\org.eclipse.justj.openjdk.hotspot.jre.full.win32.x86_64_17.0.7.v20230425-1502\jre\bin\zip.dll
0x00007ffed9710000 - 0x00007ffed9e55000 	C:\WINDOWS\System32\SHELL32.dll
0x00007ffed6880000 - 0x00007ffed701b000 	C:\WINDOWS\SYSTEM32\windows.storage.dll
0x00007ffeda530000 - 0x00007ffeda884000 	C:\WINDOWS\System32\combase.dll
0x00007ffed8140000 - 0x00007ffed816e000 	C:\WINDOWS\SYSTEM32\Wldp.dll
0x00007ffeda9d0000 - 0x00007ffedaa7d000 	C:\WINDOWS\System32\SHCORE.dll
0x00007ffed9f70000 - 0x00007ffed9fc5000 	C:\WINDOWS\System32\shlwapi.dll
0x00007ffed8700000 - 0x00007ffed8725000 	C:\WINDOWS\SYSTEM32\profapi.dll
0x00007ffebb2e0000 - 0x00007ffebb2f9000 	C:\Users\Filipe\.p2\pool\plugins\org.eclipse.justj.openjdk.hotspot.jre.full.win32.x86_64_17.0.7.v20230425-1502\jre\bin\net.dll
0x00007ffed13d0000 - 0x00007ffed14da000 	C:\WINDOWS\SYSTEM32\WINHTTP.dll
0x00007ffed7ea0000 - 0x00007ffed7f0a000 	C:\WINDOWS\system32\mswsock.dll
0x00007ffeb8690000 - 0x00007ffeb86a5000 	C:\Users\Filipe\.p2\pool\plugins\org.eclipse.justj.openjdk.hotspot.jre.full.win32.x86_64_17.0.7.v20230425-1502\jre\bin\nio.dll
0x00007ffec6a40000 - 0x00007ffec6a4c000 	C:\Users\Filipe\.p2\pool\plugins\org.eclipse.justj.openjdk.hotspot.jre.full.win32.x86_64_17.0.7.v20230425-1502\jre\bin\dt_socket.dll
0x00007ffed7b90000 - 0x00007ffed7bcb000 	C:\WINDOWS\SYSTEM32\IPHLPAPI.DLL
0x00007ffed7bd0000 - 0x00007ffed7c9a000 	C:\WINDOWS\SYSTEM32\DNSAPI.dll
0x00007ffed9ed0000 - 0x00007ffed9ed8000 	C:\WINDOWS\System32\NSI.dll
0x00007ffecdba0000 - 0x00007ffecdbaa000 	C:\Windows\System32\rasadhlp.dll
0x00007ffecc5d0000 - 0x00007ffecc652000 	C:\WINDOWS\System32\fwpuclnt.dll
0x00007ffed8ed0000 - 0x00007ffed8ef7000 	C:\WINDOWS\System32\bcrypt.dll
0x00007ffec68d0000 - 0x00007ffec68e0000 	C:\Users\Filipe\.p2\pool\plugins\org.eclipse.justj.openjdk.hotspot.jre.full.win32.x86_64_17.0.7.v20230425-1502\jre\bin\verify.dll

dbghelp: loaded successfully - version: 4.0.5 - missing functions: none
symbol engine: initialized successfully - sym options: 0x614 - pdb path: .;C:\Users\Filipe\.p2\pool\plugins\org.eclipse.justj.openjdk.hotspot.jre.full.win32.x86_64_17.0.7.v20230425-1502\jre\bin;C:\WINDOWS\SYSTEM32;C:\WINDOWS\WinSxS\amd64_microsoft.windows.common-controls_6595b64144ccf1df_6.0.19041.1110_none_60b5254171f9507e;C:\Users\Filipe\.p2\pool\plugins\org.eclipse.justj.openjdk.hotspot.jre.full.win32.x86_64_17.0.7.v20230425-1502\jre\bin\server

VM Arguments:
jvm_args: -XX:+ShowCodeDetailsInExceptionMessages -agentlib:jdwp=transport=dt_socket,suspend=y,address=localhost:53843 -javaagent:C:\Users\Filipe\eclipse\java-2023-06\eclipse\configuration\org.eclipse.osgi\248\0\.cp\lib\javaagent-shaded.jar -Dfile.encoding=UTF-8 --module-path=C:\Users\Filipe\Desktop\projetos java\campoMinado\bin -Djdk.module.main=campoMinado 
java_command: campoMinado/campoMinado.temp
java_class_path (initial): <not set>
Launcher Type: SUN_STANDARD

[Global flags]
     intx CICompilerCount                          = 3                                         {product} {ergonomic}
     uint ConcGCThreads                            = 1                                         {product} {ergonomic}
     uint G1ConcRefinementThreads                  = 4                                         {product} {ergonomic}
   size_t G1HeapRegionSize                         = 1048576                                   {product} {ergonomic}
    uintx GCDrainStackTargetSize                   = 64                                        {product} {ergonomic}
   size_t InitialHeapSize                          = 134217728                                 {product} {ergonomic}
   size_t MarkStackSize                            = 4194304                                   {product} {ergonomic}
   size_t MaxHeapSize                              = 2132803584                                {product} {ergonomic}
   size_t MaxNewSize                               = 1279262720                                {product} {ergonomic}
   size_t MinHeapDeltaBytes                        = 1048576                                   {product} {ergonomic}
   size_t MinHeapSize                              = 8388608                                   {product} {ergonomic}
    uintx NonNMethodCodeHeapSize                   = 5832780                                {pd product} {ergonomic}
    uintx NonProfiledCodeHeapSize                  = 122912730                              {pd product} {ergonomic}
    uintx ProfiledCodeHeapSize                     = 122912730                              {pd product} {ergonomic}
    uintx ReservedCodeCacheSize                    = 251658240                              {pd product} {ergonomic}
     bool SegmentedCodeCache                       = true                                      {product} {ergonomic}
     bool ShowCodeDetailsInExceptionMessages       = true                                   {manageable} {command line}
   size_t SoftMaxHeapSize                          = 2132803584                             {manageable} {ergonomic}
     bool UseCompressedClassPointers               = true                           {product lp64_product} {ergonomic}
     bool UseCompressedOops                        = true                           {product lp64_product} {ergonomic}
     bool UseG1GC                                  = true                                      {product} {ergonomic}
     bool UseLargePagesIndividualAllocation        = false                                  {pd product} {ergonomic}

Logging:
Log output configuration:
 #0: stdout all=warning uptime,level,tags
 #1: stderr all=off uptime,level,tags

Environment Variables:
JAVA_HOME=C:\Program Files\Java\jdk-11
PATH=C:\Users\Filipe\.p2\pool\plugins\org.eclipse.justj.openjdk.hotspot.jre.full.win32.x86_64_17.0.7.v20230425-1502\jre\bin;C:/Users/Filipe/.p2/pool/plugins/org.eclipse.justj.openjdk.hotspot.jre.full.win32.x86_64_17.0.7.v20230425-1502/jre/bin/server;C:/Users/Filipe/.p2/pool/plugins/org.eclipse.justj.openjdk.hotspot.jre.full.win32.x86_64_17.0.7.v20230425-1502/jre/bin;C:\Program Files\Java\jdk-11\bin;C:\Program Files (x86)\Common Files\Oracle\Java\javapath;C:\Windows\system32;C:\Windows;C:\Windows\System32\Wbem;C:\Windows\System32\WindowsPowerShell\v1.0\;C:\Windows\System32\OpenSSH\;C:\Program Files\NVIDIA Corporation\NVIDIA NvDLISR;C:\Program Files (x86)\NVIDIA Corporation\PhysX\Common;C:\Program Files\Calibre2\;C:\WINDOWS\system32;C:\WINDOWS;C:\WINDOWS\System32\Wbem;C:\WINDOWS\System32\WindowsPowerShell\v1.0\;C:\WINDOWS\System32\OpenSSH\;C:\Program Files\Git\cmd;C:\Program Files\nodejs\;C:\Users\Filipe\AppData\Local\Programs\Python\Python311\Scripts\;C:\Users\Filipe\AppData\Local\Programs\Python\Python311\;C:\Users\Filipe\AppData\Local\Microsoft\WindowsApps;;C:\Users\Filipe\AppData\Local\Programs\Microsoft VS Code\bin;C:\Users\Filipe\AppData\Roaming\npm;C:\WINDOWS\system32;
USERNAME=Filipe
OS=Windows_NT
PROCESSOR_IDENTIFIER=Intel64 Family 6 Model 158 Stepping 9, GenuineIntel
TMP=C:\Users\Filipe\AppData\Local\Temp
TEMP=C:\Users\Filipe\AppData\Local\Temp



---------------  S Y S T E M  ---------------

OS:
 Windows 10 , 64 bit Build 19041 (10.0.19041.3393)
OS uptime: 0 days 5:29 hours
